TN:
SF:src/cli.ts
FNF:0
FNH:0
DA:7,0
LF:1
LH:0
BRF:0
BRH:0
end_of_record
TN:
SF:src/console.ts
FN:10,main
FN:22,(anonymous_1)
FN:28,(anonymous_2)
FNF:3
FNH:0
FNDA:0,main
FNDA:0,(anonymous_1)
FNDA:0,(anonymous_2)
DA:8,0
DA:11,0
DA:12,0
DA:13,0
DA:15,0
DA:16,0
DA:17,0
DA:22,0
DA:23,0
DA:24,0
DA:28,0
DA:29,0
DA:30,0
DA:33,0
DA:34,0
LF:15
LH:0
BRDA:16,0,0,0
BRDA:16,0,1,0
BRDA:33,1,0,0
BRF:3
BRH:0
end_of_record
TN:
SF:src/api/config.ts
FN:14,loadProxmoxConfig
FN:23,(anonymous_10)
FN:43,validateConfig
FN:76,sanitizeConfig
FNF:4
FNH:0
FNDA:0,loadProxmoxConfig
FNDA:0,(anonymous_10)
FNDA:0,validateConfig
FNDA:0,sanitizeConfig
DA:6,0
DA:9,0
DA:14,0
DA:15,0
DA:23,0
DA:25,0
DA:26,0
DA:29,0
DA:43,0
DA:44,0
DA:46,0
DA:47,0
DA:50,0
DA:51,0
DA:54,0
DA:55,0
DA:58,0
DA:59,0
DA:62,0
DA:63,0
DA:66,0
DA:67,0
DA:70,0
DA:76,0
DA:77,0
LF:25
LH:0
BRDA:25,0,0,0
BRDA:31,1,0,0
BRDA:31,1,1,0
BRDA:46,2,0,0
BRDA:50,3,0,0
BRDA:50,4,0,0
BRDA:50,4,1,0
BRDA:50,4,2,0
BRDA:54,5,0,0
BRDA:58,6,0,0
BRDA:62,7,0,0
BRDA:66,8,0,0
BRF:12
BRH:0
end_of_record
TN:
SF:src/api/proxmox-client.ts
FN:35,(anonymous_10)
FN:43,(anonymous_11)
FN:72,(anonymous_12)
FN:95,(anonymous_13)
FN:107,(anonymous_14)
FN:119,(anonymous_15)
FN:131,(anonymous_16)
FN:147,(anonymous_17)
FN:199,(anonymous_18)
FN:215,(anonymous_19)
FN:221,(anonymous_20)
FN:230,(anonymous_21)
FN:245,(anonymous_22)
FN:262,(anonymous_23)
FN:275,(anonymous_24)
FN:339,(anonymous_25)
FN:354,(anonymous_26)
FN:363,(anonymous_27)
FN:377,(anonymous_28)
FN:392,(anonymous_29)
FN:406,(anonymous_30)
FN:420,(anonymous_31)
FN:429,(anonymous_32)
FN:449,(anonymous_33)
FN:468,(anonymous_34)
FN:479,(anonymous_35)
FN:485,(anonymous_36)
FN:494,(anonymous_37)
FN:509,(anonymous_38)
FN:526,(anonymous_39)
FN:543,(anonymous_40)
FN:607,(anonymous_41)
FN:622,(anonymous_42)
FN:631,(anonymous_43)
FN:645,(anonymous_44)
FN:660,(anonymous_45)
FN:674,(anonymous_46)
FN:688,(anonymous_47)
FN:697,(anonymous_48)
FN:717,(anonymous_49)
FN:736,(anonymous_50)
FN:747,(anonymous_51)
FN:759,(anonymous_52)
FN:771,(anonymous_53)
FN:785,(anonymous_54)
FN:791,(anonymous_55)
FN:800,(anonymous_56)
FN:815,(anonymous_57)
FN:821,(anonymous_58)
FN:830,(anonymous_59)
FNF:50
FNH:0
FNDA:0,(anonymous_10)
FNDA:0,(anonymous_11)
FNDA:0,(anonymous_12)
FNDA:0,(anonymous_13)
FNDA:0,(anonymous_14)
FNDA:0,(anonymous_15)
FNDA:0,(anonymous_16)
FNDA:0,(anonymous_17)
FNDA:0,(anonymous_18)
FNDA:0,(anonymous_19)
FNDA:0,(anonymous_20)
FNDA:0,(anonymous_21)
FNDA:0,(anonymous_22)
FNDA:0,(anonymous_23)
FNDA:0,(anonymous_24)
FNDA:0,(anonymous_25)
FNDA:0,(anonymous_26)
FNDA:0,(anonymous_27)
FNDA:0,(anonymous_28)
FNDA:0,(anonymous_29)
FNDA:0,(anonymous_30)
FNDA:0,(anonymous_31)
FNDA:0,(anonymous_32)
FNDA:0,(anonymous_33)
FNDA:0,(anonymous_34)
FNDA:0,(anonymous_35)
FNDA:0,(anonymous_36)
FNDA:0,(anonymous_37)
FNDA:0,(anonymous_38)
FNDA:0,(anonymous_39)
FNDA:0,(anonymous_40)
FNDA:0,(anonymous_41)
FNDA:0,(anonymous_42)
FNDA:0,(anonymous_43)
FNDA:0,(anonymous_44)
FNDA:0,(anonymous_45)
FNDA:0,(anonymous_46)
FNDA:0,(anonymous_47)
FNDA:0,(anonymous_48)
FNDA:0,(anonymous_49)
FNDA:0,(anonymous_50)
FNDA:0,(anonymous_51)
FNDA:0,(anonymous_52)
FNDA:0,(anonymous_53)
FNDA:0,(anonymous_54)
FNDA:0,(anonymous_55)
FNDA:0,(anonymous_56)
FNDA:0,(anonymous_57)
FNDA:0,(anonymous_58)
FNDA:0,(anonymous_59)
DA:6,0
DA:7,0
DA:31,0
DA:36,0
DA:37,0
DA:44,0
DA:47,0
DA:51,0
DA:61,0
DA:62,0
DA:66,0
DA:73,0
DA:74,0
DA:75,0
DA:77,0
DA:88,0
DA:96,0
DA:97,0
DA:98,0
DA:100,0
DA:108,0
DA:109,0
DA:110,0
DA:112,0
DA:120,0
DA:121,0
DA:122,0
DA:124,0
DA:132,0
DA:133,0
DA:134,0
DA:137,0
DA:138,0
DA:141,0
DA:148,0
DA:149,0
DA:155,0
DA:156,0
DA:162,0
DA:163,0
DA:169,0
DA:170,0
DA:176,0
DA:177,0
DA:183,0
DA:184,0
DA:190,0
DA:200,0
DA:201,0
DA:202,0
DA:204,0
DA:207,0
DA:216,0
DA:217,0
DA:218,0
DA:221,0
DA:223,0
DA:231,0
DA:232,0
DA:233,0
DA:236,0
DA:238,0
DA:246,0
DA:247,0
DA:248,0
DA:251,0
DA:253,0
DA:263,0
DA:265,0
DA:266,0
DA:270,0
DA:275,0
DA:276,0
DA:277,0
DA:281,0
DA:282,0
DA:285,0
DA:325,0
DA:332,0
DA:340,0
DA:342,0
DA:343,0
DA:345,0
DA:346,0
DA:347,0
DA:354,0
DA:357,0
DA:364,0
DA:365,0
DA:366,0
DA:368,0
DA:370,0
DA:378,0
DA:379,0
DA:380,0
DA:381,0
DA:383,0
DA:385,0
DA:393,0
DA:394,0
DA:395,0
DA:397,0
DA:399,0
DA:407,0
DA:408,0
DA:409,0
DA:411,0
DA:413,0
DA:421,0
DA:422,0
DA:429,0
DA:430,0
DA:431,0
DA:435,0
DA:438,0
DA:440,0
DA:442,0
DA:450,0
DA:452,0
DA:453,0
DA:454,0
DA:455,0
DA:456,0
DA:460,0
DA:461,0
DA:463,0
DA:468,0
DA:471,0
DA:480,0
DA:481,0
DA:482,0
DA:485,0
DA:487,0
DA:495,0
DA:496,0
DA:497,0
DA:500,0
DA:502,0
DA:510,0
DA:511,0
DA:512,0
DA:515,0
DA:517,0
DA:527,0
DA:529,0
DA:530,0
DA:533,0
DA:534,0
DA:538,0
DA:543,0
DA:544,0
DA:545,0
DA:549,0
DA:550,0
DA:553,0
DA:593,0
DA:600,0
DA:608,0
DA:610,0
DA:611,0
DA:613,0
DA:614,0
DA:615,0
DA:622,0
DA:625,0
DA:632,0
DA:633,0
DA:634,0
DA:636,0
DA:638,0
DA:646,0
DA:647,0
DA:648,0
DA:649,0
DA:651,0
DA:653,0
DA:661,0
DA:662,0
DA:663,0
DA:665,0
DA:667,0
DA:675,0
DA:676,0
DA:677,0
DA:679,0
DA:681,0
DA:689,0
DA:690,0
DA:697,0
DA:698,0
DA:699,0
DA:703,0
DA:706,0
DA:708,0
DA:710,0
DA:718,0
DA:720,0
DA:721,0
DA:722,0
DA:723,0
DA:724,0
DA:728,0
DA:729,0
DA:731,0
DA:736,0
DA:739,0
DA:748,0
DA:749,0
DA:750,0
DA:752,0
DA:760,0
DA:761,0
DA:762,0
DA:764,0
DA:772,0
DA:773,0
DA:774,0
DA:776,0
DA:786,0
DA:787,0
DA:788,0
DA:791,0
DA:793,0
DA:801,0
DA:802,0
DA:803,0
DA:806,0
DA:808,0
DA:816,0
DA:817,0
DA:818,0
DA:821,0
DA:823,0
DA:831,0
LF:234
LH:0
BRDA:48,0,0,0
BRDA:48,0,1,0
BRDA:61,1,0,0
BRDA:61,2,0,0
BRDA:61,2,1,0
BRDA:132,3,0,0
BRDA:137,4,0,0
BRDA:137,5,0,0
BRDA:137,5,1,0
BRDA:148,6,0,0
BRDA:155,7,0,0
BRDA:162,8,0,0
BRDA:169,9,0,0
BRDA:169,10,0,0
BRDA:169,10,1,0
BRDA:176,11,0,0
BRDA:183,12,0,0
BRDA:192,13,0,0
BRDA:192,13,1,0
BRDA:200,14,0,0
BRDA:202,15,0,0
BRDA:202,15,1,0
BRDA:207,16,0,0
BRDA:207,16,1,0
BRDA:265,17,0,0
BRDA:265,18,0,0
BRDA:265,18,1,0
BRDA:276,19,0,0
BRDA:339,20,0,0
BRDA:346,21,0,0
BRDA:377,22,0,0
BRDA:379,23,0,0
BRDA:379,23,1,0
BRDA:423,24,0,0
BRDA:423,24,1,0
BRDA:424,25,0,0
BRDA:424,25,1,0
BRDA:425,26,0,0
BRDA:425,26,1,0
BRDA:430,27,0,0
BRDA:449,28,0,0
BRDA:455,29,0,0
BRDA:460,30,0,0
BRDA:460,30,1,0
BRDA:461,31,0,0
BRDA:461,32,0,0
BRDA:461,32,1,0
BRDA:529,33,0,0
BRDA:529,34,0,0
BRDA:529,34,1,0
BRDA:533,35,0,0
BRDA:544,36,0,0
BRDA:607,37,0,0
BRDA:614,38,0,0
BRDA:645,39,0,0
BRDA:647,40,0,0
BRDA:647,40,1,0
BRDA:691,41,0,0
BRDA:691,41,1,0
BRDA:692,42,0,0
BRDA:692,42,1,0
BRDA:693,43,0,0
BRDA:693,43,1,0
BRDA:698,44,0,0
BRDA:717,45,0,0
BRDA:723,46,0,0
BRDA:728,47,0,0
BRDA:728,47,1,0
BRDA:729,48,0,0
BRDA:729,49,0,0
BRDA:729,49,1,0
BRF:71
BRH:0
end_of_record
TN:
SF:src/cli/utils.ts
FN:60,(anonymous_0)
FN:66,(anonymous_1)
FN:73,(anonymous_2)
FN:79,(anonymous_3)
FN:83,(anonymous_4)
FN:88,(anonymous_5)
FN:93,(anonymous_6)
FN:107,formatOutput
FN:127,formatAsYaml
FN:131,(anonymous_9)
FN:136,(anonymous_10)
FN:151,formatAsTable
FN:157,(anonymous_12)
FN:160,(anonymous_13)
FN:162,(anonymous_14)
FN:167,(anonymous_15)
FN:168,(anonymous_16)
FN:171,(anonymous_17)
FN:172,(anonymous_18)
FN:181,promptConfirmation
FN:213,(anonymous_20)
FN:214,(anonymous_21)
FN:229,validateVM
FN:236,(anonymous_23)
FN:272,validateContainer
FN:279,(anonymous_25)
FN:315,validateNode
FN:321,(anonymous_27)
FN:352,displayValidationWarnings
FN:355,(anonymous_29)
FN:365,displayError
FN:375,displaySuccess
FN:382,displayInfo
FN:389,processBatchOperation
FN:439,filterResources
FN:451,(anonymous_35)
FN:455,(anonymous_36)
FN:460,(anonymous_37)
FN:467,(anonymous_38)
FN:478,displayDryRun
FN:485,formatBytes
FN:501,formatDuration
FN:523,createProgressBar
FN:524,(anonymous_43)
FNF:44
FNH:0
FNDA:0,(anonymous_0)
FNDA:0,(anonymous_1)
FNDA:0,(anonymous_2)
FNDA:0,(anonymous_3)
FNDA:0,(anonymous_4)
FNDA:0,(anonymous_5)
FNDA:0,(anonymous_6)
FNDA:0,formatOutput
FNDA:0,formatAsYaml
FNDA:0,(anonymous_9)
FNDA:0,(anonymous_10)
FNDA:0,formatAsTable
FNDA:0,(anonymous_12)
FNDA:0,(anonymous_13)
FNDA:0,(anonymous_14)
FNDA:0,(anonymous_15)
FNDA:0,(anonymous_16)
FNDA:0,(anonymous_17)
FNDA:0,(anonymous_18)
FNDA:0,promptConfirmation
FNDA:0,(anonymous_20)
FNDA:0,(anonymous_21)
FNDA:0,validateVM
FNDA:0,(anonymous_23)
FNDA:0,validateContainer
FNDA:0,(anonymous_25)
FNDA:0,validateNode
FNDA:0,(anonymous_27)
FNDA:0,displayValidationWarnings
FNDA:0,(anonymous_29)
FNDA:0,displayError
FNDA:0,displaySuccess
FNDA:0,displayInfo
FNDA:0,processBatchOperation
FNDA:0,filterResources
FNDA:0,(anonymous_35)
FNDA:0,(anonymous_36)
FNDA:0,(anonymous_37)
FNDA:0,(anonymous_38)
FNDA:0,displayDryRun
FNDA:0,formatBytes
FNDA:0,formatDuration
FNDA:0,createProgressBar
FNDA:0,(anonymous_43)
DA:7,0
DA:10,0
DA:60,0
DA:62,0
DA:63,0
DA:64,0
DA:67,0
DA:68,0
DA:71,0
DA:73,0
DA:74,0
DA:75,0
DA:80,0
DA:84,0
DA:85,0
DA:89,0
DA:90,0
DA:94,0
DA:95,0
DA:96,0
DA:100,0
DA:107,0
DA:108,0
DA:110,0
DA:113,0
DA:116,0
DA:120,0
DA:128,0
DA:130,0
DA:131,0
DA:134,0
DA:135,0
DA:137,0
DA:138,0
DA:140,0
DA:145,0
DA:152,0
DA:153,0
DA:157,0
DA:160,0
DA:161,0
DA:162,0
DA:163,0
DA:167,0
DA:168,0
DA:171,0
DA:172,0
DA:175,0
DA:181,0
DA:189,0
DA:191,0
DA:192,0
DA:193,0
DA:196,0
DA:197,0
DA:200,0
DA:202,0
DA:203,0
DA:205,0
DA:208,0
DA:213,0
DA:214,0
DA:215,0
DA:217,0
DA:218,0
DA:220,0
DA:229,0
DA:234,0
DA:235,0
DA:236,0
DA:238,0
DA:239,0
DA:245,0
DA:248,0
DA:249,0
DA:252,0
DA:253,0
DA:256,0
DA:262,0
DA:272,0
DA:277,0
DA:278,0
DA:279,0
DA:281,0
DA:282,0
DA:288,0
DA:291,0
DA:292,0
DA:295,0
DA:296,0
DA:299,0
DA:305,0
DA:315,0
DA:319,0
DA:320,0
DA:321,0
DA:323,0
DA:324,0
DA:330,0
DA:332,0
DA:333,0
DA:336,0
DA:342,0
DA:352,0
DA:353,0
DA:354,0
DA:355,0
DA:356,0
DA:358,0
DA:365,0
DA:366,0
DA:367,0
DA:368,0
DA:375,0
DA:376,0
DA:382,0
DA:383,0
DA:389,0
DA:398,0
DA:399,0
DA:400,0
DA:401,0
DA:403,0
DA:405,0
DA:406,0
DA:407,0
DA:409,0
DA:411,0
DA:412,0
DA:413,0
DA:414,0
DA:415,0
DA:417,0
DA:418,0
DA:419,0
DA:420,0
DA:422,0
DA:423,0
DA:424,0
DA:429,0
DA:430,0
DA:431,0
DA:433,0
DA:439,0
DA:448,0
DA:450,0
DA:451,0
DA:454,0
DA:455,0
DA:458,0
DA:459,0
DA:460,0
DA:461,0
DA:465,0
DA:466,0
DA:467,0
DA:468,0
DA:472,0
DA:478,0
DA:479,0
DA:485,0
DA:486,0
DA:487,0
DA:488,0
DA:490,0
DA:491,0
DA:492,0
DA:495,0
DA:501,0
DA:502,0
DA:503,0
DA:506,0
DA:507,0
DA:508,0
DA:511,0
DA:512,0
DA:513,0
DA:516,0
DA:517,0
DA:523,0
DA:524,0
DA:525,0
DA:526,0
DA:527,0
DA:529,0
DA:530,0
DA:532,0
LF:187
LH:0
BRDA:94,0,0,0
BRDA:107,1,0,0
BRDA:108,2,0,0
BRDA:108,2,1,0
BRDA:108,2,2,0
BRDA:108,2,3,0
BRDA:108,2,4,0
BRDA:127,3,0,0
BRDA:130,4,0,0
BRDA:134,5,0,0
BRDA:134,6,0,0
BRDA:134,6,1,0
BRDA:137,7,0,0
BRDA:137,8,0,0
BRDA:137,8,1,0
BRDA:152,9,0,0
BRDA:152,10,0,0
BRDA:152,10,1,0
BRDA:162,11,0,0
BRDA:162,11,1,0
BRDA:172,12,0,0
BRDA:172,12,1,0
BRDA:183,13,0,0
BRDA:189,14,0,0
BRDA:189,15,0,0
BRDA:192,16,0,0
BRDA:196,17,0,0
BRDA:202,18,0,0
BRDA:202,18,1,0
BRDA:217,19,0,0
BRDA:217,19,1,0
BRDA:238,20,0,0
BRDA:248,21,0,0
BRDA:248,22,0,0
BRDA:248,22,1,0
BRDA:252,23,0,0
BRDA:259,24,0,0
BRDA:259,24,1,0
BRDA:264,25,0,0
BRDA:264,25,1,0
BRDA:281,26,0,0
BRDA:291,27,0,0
BRDA:291,28,0,0
BRDA:291,28,1,0
BRDA:295,29,0,0
BRDA:302,30,0,0
BRDA:302,30,1,0
BRDA:307,31,0,0
BRDA:307,31,1,0
BRDA:323,32,0,0
BRDA:332,33,0,0
BRDA:339,34,0,0
BRDA:339,34,1,0
BRDA:344,35,0,0
BRDA:344,35,1,0
BRDA:353,36,0,0
BRDA:367,37,0,0
BRDA:382,38,0,0
BRDA:398,39,0,0
BRDA:417,40,0,0
BRDA:417,40,1,0
BRDA:422,41,0,0
BRDA:450,42,0,0
BRDA:454,43,0,0
BRDA:458,44,0,0
BRDA:461,45,0,0
BRDA:461,45,1,0
BRDA:465,46,0,0
BRDA:468,47,0,0
BRDA:468,47,1,0
BRDA:490,48,0,0
BRDA:490,48,1,0
BRDA:502,49,0,0
BRDA:507,50,0,0
BRDA:512,51,0,0
BRDA:523,52,0,0
BRF:76
BRH:0
end_of_record
TN:
SF:src/console/completion.ts
FN:24,(anonymous_0)
FN:28,(anonymous_1)
FN:35,(anonymous_2)
FN:57,(anonymous_3)
FN:65,(anonymous_4)
FN:72,(anonymous_5)
FN:75,(anonymous_6)
FN:84,(anonymous_7)
FN:106,(anonymous_8)
FN:126,(anonymous_9)
FN:138,(anonymous_10)
FN:142,(anonymous_11)
FN:150,(anonymous_12)
FN:154,(anonymous_13)
FN:162,(anonymous_14)
FN:166,(anonymous_15)
FN:174,(anonymous_16)
FN:181,(anonymous_17)
FN:196,(anonymous_18)
FN:198,(anonymous_19)
FN:206,(anonymous_20)
FN:211,(anonymous_21)
FN:230,(anonymous_22)
FN:265,(anonymous_23)
FN:269,(anonymous_24)
FN:277,(anonymous_25)
FN:287,(anonymous_26)
FN:299,(anonymous_27)
FN:305,(anonymous_28)
FN:317,(anonymous_29)
FN:323,(anonymous_30)
FN:340,(anonymous_31)
FNF:32
FNH:0
FNDA:0,(anonymous_0)
FNDA:0,(anonymous_1)
FNDA:0,(anonymous_2)
FNDA:0,(anonymous_3)
FNDA:0,(anonymous_4)
FNDA:0,(anonymous_5)
FNDA:0,(anonymous_6)
FNDA:0,(anonymous_7)
FNDA:0,(anonymous_8)
FNDA:0,(anonymous_9)
FNDA:0,(anonymous_10)
FNDA:0,(anonymous_11)
FNDA:0,(anonymous_12)
FNDA:0,(anonymous_13)
FNDA:0,(anonymous_14)
FNDA:0,(anonymous_15)
FNDA:0,(anonymous_16)
FNDA:0,(anonymous_17)
FNDA:0,(anonymous_18)
FNDA:0,(anonymous_19)
FNDA:0,(anonymous_20)
FNDA:0,(anonymous_21)
FNDA:0,(anonymous_22)
FNDA:0,(anonymous_23)
FNDA:0,(anonymous_24)
FNDA:0,(anonymous_25)
FNDA:0,(anonymous_26)
FNDA:0,(anonymous_27)
FNDA:0,(anonymous_28)
FNDA:0,(anonymous_29)
FNDA:0,(anonymous_30)
FNDA:0,(anonymous_31)
DA:21,0
DA:25,0
DA:29,0
DA:30,0
DA:32,0
DA:36,0
DA:39,0
DA:40,0
DA:44,0
DA:45,0
DA:49,0
DA:50,0
DA:54,0
DA:58,0
DA:59,0
DA:66,0
DA:67,0
DA:69,0
DA:71,0
DA:72,0
DA:74,0
DA:75,0
DA:80,0
DA:85,0
DA:87,0
DA:90,0
DA:93,0
DA:96,0
DA:99,0
DA:102,0
DA:107,0
DA:108,0
DA:114,0
DA:116,0
DA:117,0
DA:123,0
DA:127,0
DA:128,0
DA:129,0
DA:135,0
DA:139,0
DA:140,0
DA:142,0
DA:144,0
DA:151,0
DA:152,0
DA:154,0
DA:156,0
DA:163,0
DA:164,0
DA:166,0
DA:168,0
DA:175,0
DA:176,0
DA:178,0
DA:180,0
DA:181,0
DA:183,0
DA:187,0
DA:189,0
DA:192,0
DA:197,0
DA:198,0
DA:200,0
DA:207,0
DA:208,0
DA:210,0
DA:211,0
DA:212,0
DA:219,0
DA:220,0
DA:221,0
DA:224,0
DA:231,0
DA:233,0
DA:235,0
DA:242,0
DA:249,0
DA:255,0
DA:261,0
DA:266,0
DA:268,0
DA:269,0
DA:270,0
DA:276,0
DA:277,0
DA:278,0
DA:284,0
DA:286,0
DA:287,0
DA:288,0
DA:293,0
DA:296,0
DA:300,0
DA:301,0
DA:304,0
DA:305,0
DA:308,0
DA:309,0
DA:311,0
DA:318,0
DA:319,0
DA:320,0
DA:324,0
DA:325,0
DA:327,0
DA:329,0
DA:330,0
DA:331,0
DA:332,0
DA:336,0
DA:341,0
LF:112
LH:0
BRDA:28,0,0,0
BRDA:39,1,0,0
BRDA:44,2,0,0
BRDA:49,3,0,0
BRDA:69,4,0,0
BRDA:69,4,1,0
BRDA:85,5,0,0
BRDA:85,5,1,0
BRDA:85,5,2,0
BRDA:85,5,3,0
BRDA:85,5,4,0
BRDA:85,5,5,0
BRDA:107,6,0,0
BRDA:116,7,0,0
BRDA:127,8,0,0
BRDA:140,9,0,0
BRDA:140,9,1,0
BRDA:152,10,0,0
BRDA:152,10,1,0
BRDA:164,11,0,0
BRDA:164,11,1,0
BRDA:178,12,0,0
BRDA:178,12,1,0
BRDA:187,13,0,0
BRDA:187,13,1,0
BRDA:208,14,0,0
BRDA:208,14,1,0
BRDA:210,15,0,0
BRDA:219,16,0,0
BRDA:233,17,0,0
BRDA:233,17,1,0
BRDA:233,17,2,0
BRDA:233,17,3,0
BRDA:233,17,4,0
BRDA:266,18,0,0
BRDA:266,18,1,0
BRDA:266,18,2,0
BRDA:284,19,0,0
BRDA:324,20,0,0
BRDA:325,21,0,0
BRDA:332,22,0,0
BRF:41
BRH:0
end_of_record
TN:
SF:src/console/enhanced-repl.ts
FN:24,(anonymous_9)
FN:38,(anonymous_10)
FN:46,(anonymous_11)
FN:60,(anonymous_12)
FN:61,(anonymous_13)
FN:65,(anonymous_14)
FN:69,(anonymous_15)
FN:77,(anonymous_16)
FN:108,(anonymous_17)
FN:133,(anonymous_18)
FN:174,(anonymous_19)
FN:194,(anonymous_20)
FN:217,(anonymous_21)
FN:225,(anonymous_22)
FN:233,(anonymous_23)
FN:237,(anonymous_24)
FN:241,(anonymous_25)
FN:245,(anonymous_26)
FNF:18
FNH:0
FNDA:0,(anonymous_9)
FNDA:0,(anonymous_10)
FNDA:0,(anonymous_11)
FNDA:0,(anonymous_12)
FNDA:0,(anonymous_13)
FNDA:0,(anonymous_14)
FNDA:0,(anonymous_15)
FNDA:0,(anonymous_16)
FNDA:0,(anonymous_17)
FNDA:0,(anonymous_18)
FNDA:0,(anonymous_19)
FNDA:0,(anonymous_20)
FNDA:0,(anonymous_21)
FNDA:0,(anonymous_22)
FNDA:0,(anonymous_23)
FNDA:0,(anonymous_24)
FNDA:0,(anonymous_25)
FNDA:0,(anonymous_26)
DA:6,0
DA:7,0
DA:9,0
DA:10,0
DA:11,0
DA:16,0
DA:22,0
DA:25,0
DA:26,0
DA:27,0
DA:29,0
DA:35,0
DA:39,0
DA:41,0
DA:46,0
DA:50,0
DA:51,0
DA:53,0
DA:56,0
DA:61,0
DA:62,0
DA:65,0
DA:66,0
DA:69,0
DA:70,0
DA:71,0
DA:78,0
DA:79,0
DA:80,0
DA:83,0
DA:84,0
DA:86,0
DA:87,0
DA:88,0
DA:90,0
DA:93,0
DA:94,0
DA:98,0
DA:103,0
DA:105,0
DA:109,0
DA:110,0
DA:111,0
DA:113,0
DA:114,0
DA:116,0
DA:126,0
DA:128,0
DA:129,0
DA:134,0
DA:135,0
DA:137,0
DA:143,0
DA:144,0
DA:145,0
DA:148,0
DA:149,0
DA:159,0
DA:160,0
DA:164,0
DA:165,0
DA:168,0
DA:169,0
DA:170,0
DA:175,0
DA:177,0
DA:178,0
DA:180,0
DA:181,0
DA:182,0
DA:183,0
DA:184,0
DA:185,0
DA:187,0
DA:189,0
DA:190,0
DA:195,0
DA:196,0
DA:199,0
DA:200,0
DA:203,0
DA:204,0
DA:207,0
DA:208,0
DA:209,0
DA:211,0
DA:215,0
DA:216,0
DA:217,0
DA:220,0
DA:222,0
DA:226,0
DA:227,0
DA:228,0
DA:234,0
DA:238,0
DA:242,0
DA:246,0
DA:249,0
DA:252,0
DA:253,0
DA:254,0
DA:255,0
DA:256,0
DA:258,0
DA:259,0
DA:260,0
LF:107
LH:0
BRDA:51,0,0,0
BRDA:78,1,0,0
BRDA:87,2,0,0
BRDA:87,2,1,0
BRDA:94,3,0,0
BRDA:94,3,1,0
BRDA:101,4,0,0
BRDA:101,4,1,0
BRDA:113,5,0,0
BRDA:113,5,1,0
BRDA:117,6,0,0
BRDA:117,6,1,0
BRDA:137,7,0,0
BRDA:137,7,1,0
BRDA:137,7,2,0
BRDA:137,7,3,0
BRDA:137,7,4,0
BRDA:137,7,5,0
BRDA:137,7,6,0
BRDA:137,7,7,0
BRDA:137,7,8,0
BRDA:150,8,0,0
BRDA:150,8,1,0
BRDA:184,9,0,0
BRDA:195,10,0,0
BRDA:208,11,0,0
BRDA:208,11,1,0
BRDA:216,12,0,0
BRDA:226,13,0,0
BRDA:253,14,0,0
BRDA:253,14,1,0
BRF:31
BRH:0
end_of_record
TN:
SF:src/console/history.ts
FN:30,(anonymous_9)
FN:36,(anonymous_10)
FN:64,(anonymous_11)
FN:68,(anonymous_12)
FN:69,(anonymous_13)
FN:97,(anonymous_14)
FN:101,(anonymous_15)
FN:102,(anonymous_16)
FN:107,(anonymous_17)
FN:116,(anonymous_18)
FN:129,(anonymous_19)
FN:130,(anonymous_20)
FN:141,(anonymous_21)
FN:146,(anonymous_22)
FN:160,(anonymous_23)
FN:182,(anonymous_24)
FN:189,(anonymous_25)
FN:201,(anonymous_26)
FN:214,(anonymous_27)
FN:215,(anonymous_28)
FN:218,(anonymous_29)
FNF:21
FNH:0
FNDA:0,(anonymous_9)
FNDA:0,(anonymous_10)
FNDA:0,(anonymous_11)
FNDA:0,(anonymous_12)
FNDA:0,(anonymous_13)
FNDA:0,(anonymous_14)
FNDA:0,(anonymous_15)
FNDA:0,(anonymous_16)
FNDA:0,(anonymous_17)
FNDA:0,(anonymous_18)
FNDA:0,(anonymous_19)
FNDA:0,(anonymous_20)
FNDA:0,(anonymous_21)
FNDA:0,(anonymous_22)
FNDA:0,(anonymous_23)
FNDA:0,(anonymous_24)
FNDA:0,(anonymous_25)
FNDA:0,(anonymous_26)
FNDA:0,(anonymous_27)
FNDA:0,(anonymous_28)
FNDA:0,(anonymous_29)
DA:6,0
DA:7,0
DA:25,0
DA:28,0
DA:31,0
DA:32,0
DA:33,0
DA:42,0
DA:51,0
DA:52,0
DA:53,0
DA:56,0
DA:59,0
DA:60,0
DA:65,0
DA:69,0
DA:71,0
DA:72,0
DA:76,0
DA:77,0
DA:79,0
DA:80,0
DA:84,0
DA:85,0
DA:89,0
DA:90,0
DA:93,0
DA:98,0
DA:100,0
DA:101,0
DA:102,0
DA:104,0
DA:113,0
DA:114,0
DA:116,0
DA:118,0
DA:119,0
DA:122,0
DA:123,0
DA:128,0
DA:129,0
DA:130,0
DA:133,0
DA:142,0
DA:143,0
DA:147,0
DA:148,0
DA:153,0
DA:154,0
DA:156,0
DA:161,0
DA:162,0
DA:163,0
DA:174,0
DA:175,0
DA:176,0
DA:178,0
DA:183,0
DA:184,0
DA:185,0
DA:186,0
DA:188,0
DA:189,0
DA:196,0
DA:197,0
DA:202,0
DA:203,0
DA:206,0
DA:207,0
DA:210,0
DA:215,0
DA:219,0
LF:72
LH:0
BRDA:30,0,0,0
BRDA:52,1,0,0
BRDA:52,2,0,0
BRDA:52,2,1,0
BRDA:59,3,0,0
BRDA:64,4,0,0
BRDA:71,5,0,0
BRDA:71,6,0,0
BRDA:71,6,1,0
BRDA:76,7,0,0
BRDA:76,8,0,0
BRDA:76,8,1,0
BRDA:79,9,0,0
BRDA:79,10,0,0
BRDA:79,10,1,0
BRDA:84,11,0,0
BRDA:84,12,0,0
BRDA:84,12,1,0
BRDA:89,13,0,0
BRDA:89,14,0,0
BRDA:89,14,1,0
BRDA:118,15,0,0
BRDA:118,15,1,0
BRDA:122,16,0,0
BRDA:184,17,0,0
BRDA:188,18,0,0
BRDA:188,19,0,0
BRDA:188,19,1,0
BRDA:202,20,0,0
BRDA:202,20,1,0
BRDA:202,20,2,0
BRDA:206,21,0,0
BRF:32
BRH:0
end_of_record
TN:
SF:src/console/repl.ts
FN:25,(anonymous_9)
FN:46,(anonymous_10)
FN:59,(anonymous_11)
FN:64,(anonymous_12)
FN:65,(anonymous_13)
FN:72,(anonymous_14)
FN:78,(anonymous_15)
FN:84,(anonymous_16)
FN:111,(anonymous_17)
FN:122,(anonymous_18)
FN:128,(anonymous_19)
FN:142,(anonymous_20)
FN:152,(anonymous_21)
FN:174,(anonymous_22)
FNF:14
FNH:0
FNDA:0,(anonymous_9)
FNDA:0,(anonymous_10)
FNDA:0,(anonymous_11)
FNDA:0,(anonymous_12)
FNDA:0,(anonymous_13)
FNDA:0,(anonymous_14)
FNDA:0,(anonymous_15)
FNDA:0,(anonymous_16)
FNDA:0,(anonymous_17)
FNDA:0,(anonymous_18)
FNDA:0,(anonymous_19)
FNDA:0,(anonymous_20)
FNDA:0,(anonymous_21)
FNDA:0,(anonymous_22)
DA:6,0
DA:8,0
DA:9,0
DA:19,0
DA:23,0
DA:26,0
DA:33,0
DA:39,0
DA:40,0
DA:47,0
DA:48,0
DA:51,0
DA:53,0
DA:60,0
DA:61,0
DA:65,0
DA:66,0
DA:67,0
DA:68,0
DA:72,0
DA:73,0
DA:74,0
DA:78,0
DA:79,0
DA:80,0
DA:85,0
DA:88,0
DA:90,0
DA:91,0
DA:93,0
DA:94,0
DA:97,0
DA:98,0
DA:99,0
DA:100,0
DA:101,0
DA:103,0
DA:104,0
DA:107,0
DA:112,0
DA:114,0
DA:115,0
DA:117,0
DA:118,0
DA:124,0
DA:125,0
DA:129,0
DA:130,0
DA:131,0
DA:132,0
DA:133,0
DA:134,0
DA:135,0
DA:143,0
DA:144,0
DA:146,0
DA:147,0
DA:148,0
DA:153,0
DA:155,0
DA:156,0
DA:157,0
DA:158,0
DA:159,0
DA:160,0
DA:162,0
DA:163,0
DA:164,0
DA:165,0
DA:166,0
DA:168,0
DA:169,0
DA:170,0
DA:171,0
DA:175,0
DA:176,0
DA:177,0
DA:178,0
LF:78
LH:0
BRDA:67,0,0,0
BRDA:85,1,0,0
BRDA:91,2,0,0
BRDA:91,2,1,0
BRDA:94,3,0,0
BRDA:94,3,1,0
BRDA:94,4,0,0
BRDA:94,4,1,0
BRDA:94,4,2,0
BRDA:94,4,3,0
BRDA:98,5,0,0
BRDA:98,5,1,0
BRDA:100,6,0,0
BRDA:100,6,1,0
BRDA:100,7,0,0
BRDA:100,7,1,0
BRDA:107,8,0,0
BRDA:107,8,1,0
BRDA:114,9,0,0
BRDA:114,9,1,0
BRDA:131,10,0,0
BRDA:146,11,0,0
BRF:22
BRH:0
end_of_record
TN:
SF:src/console/session.ts
FN:58,(anonymous_9)
FN:65,(anonymous_10)
FN:69,(anonymous_11)
FN:85,(anonymous_12)
FN:95,(anonymous_13)
FN:109,(anonymous_14)
FN:114,(anonymous_15)
FN:135,(anonymous_16)
FN:140,(anonymous_17)
FN:150,(anonymous_18)
FN:158,(anonymous_19)
FN:179,(anonymous_20)
FN:188,(anonymous_21)
FN:213,(anonymous_22)
FN:225,(anonymous_23)
FN:231,(anonymous_24)
FN:254,(anonymous_25)
FN:259,(anonymous_26)
FN:267,(anonymous_27)
FN:271,(anonymous_28)
FN:288,(anonymous_29)
FN:293,(anonymous_30)
FN:310,(anonymous_31)
FN:316,(anonymous_32)
FN:333,(anonymous_33)
FN:335,(anonymous_34)
FN:341,(anonymous_35)
FNF:27
FNH:0
FNDA:0,(anonymous_9)
FNDA:0,(anonymous_10)
FNDA:0,(anonymous_11)
FNDA:0,(anonymous_12)
FNDA:0,(anonymous_13)
FNDA:0,(anonymous_14)
FNDA:0,(anonymous_15)
FNDA:0,(anonymous_16)
FNDA:0,(anonymous_17)
FNDA:0,(anonymous_18)
FNDA:0,(anonymous_19)
FNDA:0,(anonymous_20)
FNDA:0,(anonymous_21)
FNDA:0,(anonymous_22)
FNDA:0,(anonymous_23)
FNDA:0,(anonymous_24)
FNDA:0,(anonymous_25)
FNDA:0,(anonymous_26)
FNDA:0,(anonymous_27)
FNDA:0,(anonymous_28)
FNDA:0,(anonymous_29)
FNDA:0,(anonymous_30)
FNDA:0,(anonymous_31)
FNDA:0,(anonymous_32)
FNDA:0,(anonymous_33)
FNDA:0,(anonymous_34)
FNDA:0,(anonymous_35)
DA:6,0
DA:7,0
DA:53,0
DA:59,0
DA:60,0
DA:61,0
DA:62,0
DA:66,0
DA:70,0
DA:71,0
DA:76,0
DA:78,0
DA:81,0
DA:82,0
DA:86,0
DA:91,0
DA:92,0
DA:96,0
DA:97,0
DA:99,0
DA:100,0
DA:103,0
DA:106,0
DA:110,0
DA:111,0
DA:121,0
DA:122,0
DA:123,0
DA:124,0
DA:126,0
DA:136,0
DA:137,0
DA:138,0
DA:140,0
DA:141,0
DA:142,0
DA:143,0
DA:144,0
DA:149,0
DA:150,0
DA:153,0
DA:154,0
DA:159,0
DA:160,0
DA:161,0
DA:171,0
DA:172,0
DA:173,0
DA:175,0
DA:180,0
DA:181,0
DA:184,0
DA:185,0
DA:189,0
DA:214,0
DA:226,0
DA:227,0
DA:228,0
DA:232,0
DA:233,0
DA:234,0
DA:235,0
DA:238,0
DA:244,0
DA:250,0
DA:255,0
DA:256,0
DA:259,0
DA:260,0
DA:261,0
DA:263,0
DA:267,0
DA:268,0
DA:272,0
DA:273,0
DA:276,0
DA:277,0
DA:280,0
DA:281,0
DA:282,0
DA:283,0
DA:289,0
DA:290,0
DA:293,0
DA:294,0
DA:295,0
DA:297,0
DA:301,0
DA:303,0
DA:304,0
DA:306,0
DA:311,0
DA:312,0
DA:313,0
DA:314,0
DA:316,0
DA:327,0
DA:330,0
DA:334,0
DA:335,0
DA:336,0
DA:342,0
DA:343,0
DA:346,0
DA:347,0
DA:350,0
LF:106
LH:0
BRDA:70,0,0,0
BRDA:70,0,1,0
BRDA:95,1,0,0
BRDA:99,2,0,0
BRDA:124,3,0,0
BRDA:124,3,1,0
BRDA:131,4,0,0
BRDA:131,4,1,0
BRDA:135,5,0,0
BRDA:141,6,0,0
BRDA:143,7,0,0
BRDA:143,8,0,0
BRDA:143,8,1,0
BRDA:180,9,0,0
BRDA:234,10,0,0
BRDA:260,11,0,0
BRDA:260,11,1,0
BRDA:280,12,0,0
BRDA:282,13,0,0
BRDA:294,14,0,0
BRDA:294,14,1,0
BRDA:312,15,0,0
BRDA:320,16,0,0
BRDA:320,16,1,0
BRDA:334,17,0,0
BRDA:342,18,0,0
BRDA:342,18,1,0
BRDA:342,18,2,0
BRDA:346,19,0,0
BRF:29
BRH:0
end_of_record
TN:
SF:src/console/simple-repl.ts
FN:14,(anonymous_9)
FN:25,(anonymous_10)
FN:31,(anonymous_11)
FN:36,(anonymous_12)
FN:37,(anonymous_13)
FN:44,(anonymous_14)
FN:49,(anonymous_15)
FN:55,(anonymous_16)
FN:71,(anonymous_17)
FN:77,(anonymous_18)
FN:86,main
FNF:11
FNH:0
FNDA:0,(anonymous_9)
FNDA:0,(anonymous_10)
FNDA:0,(anonymous_11)
FNDA:0,(anonymous_12)
FNDA:0,(anonymous_13)
FNDA:0,(anonymous_14)
FNDA:0,(anonymous_15)
FNDA:0,(anonymous_16)
FNDA:0,(anonymous_17)
FNDA:0,(anonymous_18)
FNDA:0,main
DA:8,0
DA:10,0
DA:12,0
DA:15,0
DA:22,0
DA:26,0
DA:27,0
DA:28,0
DA:32,0
DA:33,0
DA:37,0
DA:38,0
DA:39,0
DA:40,0
DA:44,0
DA:45,0
DA:46,0
DA:49,0
DA:50,0
DA:51,0
DA:56,0
DA:58,0
DA:59,0
DA:60,0
DA:61,0
DA:62,0
DA:63,0
DA:64,0
DA:66,0
DA:67,0
DA:72,0
DA:73,0
DA:74,0
DA:78,0
DA:79,0
DA:80,0
DA:81,0
DA:82,0
DA:87,0
DA:88,0
DA:89,0
DA:91,0
DA:92,0
DA:96,0
DA:97,0
LF:45
LH:0
BRDA:39,0,0,0
BRDA:56,1,0,0
BRDA:58,2,0,0
BRDA:58,2,1,0
BRDA:58,3,0,0
BRDA:58,3,1,0
BRDA:60,4,0,0
BRDA:60,4,1,0
BRDA:60,5,0,0
BRDA:60,5,1,0
BRDA:60,5,2,0
BRDA:62,6,0,0
BRDA:62,6,1,0
BRDA:96,7,0,0
BRF:14
BRH:0
end_of_record
TN:
SF:src/console/commands/apply.ts
FN:13,(anonymous_9)
FN:74,(anonymous_10)
FN:118,(anonymous_11)
FN:153,(anonymous_12)
FN:205,(anonymous_13)
FN:261,(anonymous_14)
FN:262,(anonymous_15)
FN:271,(anonymous_16)
FN:275,(anonymous_17)
FN:279,(anonymous_18)
FN:287,(anonymous_19)
FN:295,(anonymous_20)
FN:304,(anonymous_21)
FN:305,(anonymous_22)
FN:327,(anonymous_23)
FN:334,(anonymous_24)
FN:338,(anonymous_25)
FN:346,(anonymous_26)
FN:354,(anonymous_27)
FN:362,(anonymous_28)
FN:363,(anonymous_29)
FN:372,(anonymous_30)
FN:379,(anonymous_31)
FN:383,(anonymous_32)
FN:391,(anonymous_33)
FN:399,(anonymous_34)
FN:407,(anonymous_35)
FN:408,(anonymous_36)
FN:422,(anonymous_37)
FN:429,(anonymous_38)
FN:433,(anonymous_39)
FN:441,(anonymous_40)
FN:449,(anonymous_41)
FN:458,(anonymous_42)
FN:459,(anonymous_43)
FN:471,(anonymous_44)
FN:478,(anonymous_45)
FN:482,(anonymous_46)
FN:490,(anonymous_47)
FN:498,(anonymous_48)
FN:506,(anonymous_49)
FN:507,(anonymous_50)
FN:516,(anonymous_51)
FN:524,(anonymous_52)
FN:525,(anonymous_53)
FN:535,(anonymous_54)
FN:543,(anonymous_55)
FN:544,(anonymous_56)
FN:550,(anonymous_57)
FN:554,(anonymous_58)
FN:560,(anonymous_59)
FN:566,(anonymous_60)
FN:575,(anonymous_61)
FN:579,(anonymous_62)
FN:585,(anonymous_63)
FNF:55
FNH:0
FNDA:0,(anonymous_9)
FNDA:0,(anonymous_10)
FNDA:0,(anonymous_11)
FNDA:0,(anonymous_12)
FNDA:0,(anonymous_13)
FNDA:0,(anonymous_14)
FNDA:0,(anonymous_15)
FNDA:0,(anonymous_16)
FNDA:0,(anonymous_17)
FNDA:0,(anonymous_18)
FNDA:0,(anonymous_19)
FNDA:0,(anonymous_20)
FNDA:0,(anonymous_21)
FNDA:0,(anonymous_22)
FNDA:0,(anonymous_23)
FNDA:0,(anonymous_24)
FNDA:0,(anonymous_25)
FNDA:0,(anonymous_26)
FNDA:0,(anonymous_27)
FNDA:0,(anonymous_28)
FNDA:0,(anonymous_29)
FNDA:0,(anonymous_30)
FNDA:0,(anonymous_31)
FNDA:0,(anonymous_32)
FNDA:0,(anonymous_33)
FNDA:0,(anonymous_34)
FNDA:0,(anonymous_35)
FNDA:0,(anonymous_36)
FNDA:0,(anonymous_37)
FNDA:0,(anonymous_38)
FNDA:0,(anonymous_39)
FNDA:0,(anonymous_40)
FNDA:0,(anonymous_41)
FNDA:0,(anonymous_42)
FNDA:0,(anonymous_43)
FNDA:0,(anonymous_44)
FNDA:0,(anonymous_45)
FNDA:0,(anonymous_46)
FNDA:0,(anonymous_47)
FNDA:0,(anonymous_48)
FNDA:0,(anonymous_49)
FNDA:0,(anonymous_50)
FNDA:0,(anonymous_51)
FNDA:0,(anonymous_52)
FNDA:0,(anonymous_53)
FNDA:0,(anonymous_54)
FNDA:0,(anonymous_55)
FNDA:0,(anonymous_56)
FNDA:0,(anonymous_57)
FNDA:0,(anonymous_58)
FNDA:0,(anonymous_59)
FNDA:0,(anonymous_60)
FNDA:0,(anonymous_61)
FNDA:0,(anonymous_62)
FNDA:0,(anonymous_63)
DA:8,0
DA:9,0
DA:10,0
DA:12,0
DA:14,0
DA:17,0
DA:18,0
DA:19,0
DA:20,0
DA:23,0
DA:24,0
DA:25,0
DA:27,0
DA:29,0
DA:32,0
DA:33,0
DA:34,0
DA:35,0
DA:36,0
DA:40,0
DA:41,0
DA:42,0
DA:43,0
DA:44,0
DA:45,0
DA:50,0
DA:51,0
DA:52,0
DA:53,0
DA:54,0
DA:55,0
DA:60,0
DA:61,0
DA:63,0
DA:64,0
DA:65,0
DA:66,0
DA:67,0
DA:70,0
DA:75,0
DA:85,0
DA:86,0
DA:89,0
DA:90,0
DA:91,0
DA:94,0
DA:95,0
DA:96,0
DA:99,0
DA:100,0
DA:103,0
DA:104,0
DA:106,0
DA:107,0
DA:110,0
DA:111,0
DA:115,0
DA:119,0
DA:122,0
DA:123,0
DA:124,0
DA:125,0
DA:129,0
DA:130,0
DA:131,0
DA:132,0
DA:136,0
DA:137,0
DA:138,0
DA:139,0
DA:143,0
DA:144,0
DA:145,0
DA:146,0
DA:149,0
DA:150,0
DA:154,0
DA:155,0
DA:156,0
DA:159,0
DA:160,0
DA:161,0
DA:162,0
DA:163,0
DA:164,0
DA:167,0
DA:168,0
DA:169,0
DA:170,0
DA:171,0
DA:172,0
DA:175,0
DA:176,0
DA:177,0
DA:181,0
DA:182,0
DA:183,0
DA:184,0
DA:185,0
DA:189,0
DA:190,0
DA:191,0
DA:192,0
DA:193,0
DA:196,0
DA:197,0
DA:200,0
DA:201,0
DA:206,0
DA:207,0
DA:208,0
DA:211,0
DA:212,0
DA:213,0
DA:216,0
DA:217,0
DA:218,0
DA:220,0
DA:221,0
DA:222,0
DA:225,0
DA:226,0
DA:227,0
DA:228,0
DA:229,0
DA:230,0
DA:232,0
DA:233,0
DA:237,0
DA:238,0
DA:239,0
DA:240,0
DA:241,0
DA:245,0
DA:246,0
DA:247,0
DA:248,0
DA:249,0
DA:252,0
DA:253,0
DA:256,0
DA:257,0
DA:262,0
DA:263,0
DA:268,0
DA:269,0
DA:271,0
DA:272,0
DA:275,0
DA:276,0
DA:279,0
DA:280,0
DA:281,0
DA:282,0
DA:284,0
DA:285,0
DA:286,0
DA:287,0
DA:288,0
DA:291,0
DA:295,0
DA:296,0
DA:297,0
DA:298,0
DA:299,0
DA:305,0
DA:306,0
DA:314,0
DA:324,0
DA:325,0
DA:327,0
DA:328,0
DA:329,0
DA:331,0
DA:334,0
DA:335,0
DA:338,0
DA:339,0
DA:340,0
DA:341,0
DA:343,0
DA:344,0
DA:345,0
DA:346,0
DA:347,0
DA:350,0
DA:354,0
DA:355,0
DA:356,0
DA:357,0
DA:363,0
DA:364,0
DA:369,0
DA:370,0
DA:372,0
DA:373,0
DA:374,0
DA:376,0
DA:379,0
DA:380,0
DA:383,0
DA:384,0
DA:385,0
DA:386,0
DA:388,0
DA:389,0
DA:390,0
DA:391,0
DA:392,0
DA:395,0
DA:399,0
DA:400,0
DA:401,0
DA:402,0
DA:408,0
DA:409,0
DA:419,0
DA:420,0
DA:422,0
DA:423,0
DA:424,0
DA:426,0
DA:429,0
DA:430,0
DA:433,0
DA:434,0
DA:435,0
DA:436,0
DA:438,0
DA:439,0
DA:440,0
DA:441,0
DA:442,0
DA:445,0
DA:449,0
DA:450,0
DA:451,0
DA:452,0
DA:453,0
DA:459,0
DA:460,0
DA:468,0
DA:469,0
DA:471,0
DA:472,0
DA:473,0
DA:475,0
DA:478,0
DA:479,0
DA:482,0
DA:483,0
DA:484,0
DA:485,0
DA:487,0
DA:488,0
DA:489,0
DA:490,0
DA:491,0
DA:494,0
DA:498,0
DA:499,0
DA:500,0
DA:501,0
DA:507,0
DA:508,0
DA:513,0
DA:514,0
DA:516,0
DA:517,0
DA:518,0
DA:519,0
DA:525,0
DA:526,0
DA:531,0
DA:532,0
DA:533,0
DA:535,0
DA:536,0
DA:537,0
DA:538,0
DA:544,0
DA:545,0
DA:550,0
DA:551,0
DA:554,0
DA:555,0
DA:561,0
DA:562,0
DA:563,0
DA:566,0
DA:567,0
DA:575,0
DA:576,0
DA:579,0
DA:580,0
DA:586,0
DA:588,0
DA:590,0
DA:591,0
DA:592,0
DA:594,0
DA:595,0
DA:597,0
DA:598,0
DA:599,0
DA:600,0
DA:601,0
DA:604,0
DA:605,0
DA:608,0
DA:609,0
LF:311
LH:0
BRDA:17,0,0,0
BRDA:34,1,0,0
BRDA:34,2,0,0
BRDA:34,2,1,0
BRDA:40,3,0,0
BRDA:40,4,0,0
BRDA:40,4,1,0
BRDA:43,5,0,0
BRDA:43,6,0,0
BRDA:43,6,1,0
BRDA:50,7,0,0
BRDA:50,8,0,0
BRDA:50,8,1,0
BRDA:53,9,0,0
BRDA:53,10,0,0
BRDA:53,10,1,0
BRDA:70,11,0,0
BRDA:70,11,1,0
BRDA:86,12,0,0
BRDA:86,12,1,0
BRDA:86,12,2,0
BRDA:86,12,3,0
BRDA:86,12,4,0
BRDA:86,12,5,0
BRDA:86,12,6,0
BRDA:86,12,7,0
BRDA:86,12,8,0
BRDA:86,12,9,0
BRDA:86,12,10,0
BRDA:123,13,0,0
BRDA:130,14,0,0
BRDA:137,15,0,0
BRDA:144,16,0,0
BRDA:154,17,0,0
BRDA:162,18,0,0
BRDA:170,19,0,0
BRDA:175,20,0,0
BRDA:181,21,0,0
BRDA:183,22,0,0
BRDA:191,23,0,0
BRDA:200,24,0,0
BRDA:200,24,1,0
BRDA:206,25,0,0
BRDA:216,26,0,0
BRDA:220,27,0,0
BRDA:225,28,0,0
BRDA:228,29,0,0
BRDA:237,30,0,0
BRDA:239,31,0,0
BRDA:247,32,0,0
BRDA:256,33,0,0
BRDA:256,33,1,0
BRDA:280,34,0,0
BRDA:280,34,1,0
BRDA:285,35,0,0
BRDA:288,36,0,0
BRDA:309,37,0,0
BRDA:309,37,1,0
BRDA:310,38,0,0
BRDA:310,38,1,0
BRDA:311,39,0,0
BRDA:311,39,1,0
BRDA:320,40,0,0
BRDA:320,40,1,0
BRDA:339,41,0,0
BRDA:339,41,1,0
BRDA:344,42,0,0
BRDA:347,43,0,0
BRDA:384,44,0,0
BRDA:384,44,1,0
BRDA:389,45,0,0
BRDA:392,46,0,0
BRDA:434,47,0,0
BRDA:434,47,1,0
BRDA:439,48,0,0
BRDA:442,49,0,0
BRDA:483,50,0,0
BRDA:483,50,1,0
BRDA:488,51,0,0
BRDA:491,52,0,0
BRDA:518,53,0,0
BRDA:518,53,1,0
BRDA:537,54,0,0
BRDA:537,54,1,0
BRDA:562,55,0,0
BRDA:590,56,0,0
BRDA:609,57,0,0
BRDA:609,57,1,0
BRF:88
BRH:0
end_of_record
TN:
SF:src/console/commands/debug.ts
FN:12,(anonymous_0)
FN:49,(anonymous_1)
FN:74,(anonymous_2)
FN:92,(anonymous_3)
FN:122,(anonymous_4)
FN:129,(anonymous_5)
FN:144,(anonymous_6)
FN:158,(anonymous_7)
FN:185,(anonymous_8)
FN:201,(anonymous_9)
FN:222,(anonymous_10)
FN:231,(anonymous_11)
FN:242,(anonymous_12)
FN:253,(anonymous_13)
FN:271,(anonymous_14)
FN:302,(anonymous_15)
FNF:16
FNH:0
FNDA:0,(anonymous_0)
FNDA:0,(anonymous_1)
FNDA:0,(anonymous_2)
FNDA:0,(anonymous_3)
FNDA:0,(anonymous_4)
FNDA:0,(anonymous_5)
FNDA:0,(anonymous_6)
FNDA:0,(anonymous_7)
FNDA:0,(anonymous_8)
FNDA:0,(anonymous_9)
FNDA:0,(anonymous_10)
FNDA:0,(anonymous_11)
FNDA:0,(anonymous_12)
FNDA:0,(anonymous_13)
FNDA:0,(anonymous_14)
FNDA:0,(anonymous_15)
DA:7,0
DA:8,0
DA:9,0
DA:11,0
DA:13,0
DA:15,0
DA:16,0
DA:17,0
DA:20,0
DA:22,0
DA:24,0
DA:25,0
DA:27,0
DA:28,0
DA:30,0
DA:31,0
DA:33,0
DA:34,0
DA:36,0
DA:37,0
DA:39,0
DA:40,0
DA:42,0
DA:43,0
DA:45,0
DA:50,0
DA:52,0
DA:58,0
DA:59,0
DA:60,0
DA:61,0
DA:62,0
DA:63,0
DA:64,0
DA:65,0
DA:66,0
DA:67,0
DA:69,0
DA:75,0
DA:77,0
DA:82,0
DA:83,0
DA:84,0
DA:85,0
DA:87,0
DA:93,0
DA:94,0
DA:95,0
DA:96,0
DA:98,0
DA:100,0
DA:101,0
DA:102,0
DA:103,0
DA:104,0
DA:105,0
DA:107,0
DA:108,0
DA:111,0
DA:112,0
DA:113,0
DA:114,0
DA:115,0
DA:117,0
DA:118,0
DA:119,0
DA:120,0
DA:122,0
DA:123,0
DA:124,0
DA:127,0
DA:128,0
DA:129,0
DA:130,0
DA:131,0
DA:135,0
DA:136,0
DA:137,0
DA:138,0
DA:139,0
DA:140,0
DA:141,0
DA:145,0
DA:146,0
DA:147,0
DA:149,0
DA:151,0
DA:153,0
DA:154,0
DA:155,0
DA:158,0
DA:159,0
DA:160,0
DA:164,0
DA:166,0
DA:167,0
DA:168,0
DA:169,0
DA:173,0
DA:174,0
DA:177,0
DA:178,0
DA:181,0
DA:186,0
DA:187,0
DA:188,0
DA:190,0
DA:192,0
DA:193,0
DA:194,0
DA:196,0
DA:197,0
DA:198,0
DA:201,0
DA:202,0
DA:203,0
DA:204,0
DA:205,0
DA:210,0
DA:212,0
DA:213,0
DA:214,0
DA:215,0
DA:216,0
DA:217,0
DA:218,0
DA:220,0
DA:221,0
DA:222,0
DA:223,0
DA:224,0
DA:228,0
DA:232,0
DA:233,0
DA:235,0
DA:237,0
DA:238,0
DA:240,0
DA:241,0
DA:242,0
DA:243,0
DA:244,0
DA:245,0
DA:246,0
DA:248,0
DA:251,0
DA:252,0
DA:253,0
DA:254,0
DA:255,0
DA:256,0
DA:257,0
DA:258,0
DA:259,0
DA:264,0
DA:265,0
DA:268,0
DA:272,0
DA:273,0
DA:274,0
DA:276,0
DA:278,0
DA:280,0
DA:281,0
DA:282,0
DA:284,0
DA:285,0
DA:286,0
DA:288,0
DA:289,0
DA:290,0
DA:292,0
DA:293,0
DA:294,0
DA:295,0
DA:296,0
DA:298,0
DA:303,0
DA:304,0
DA:305,0
DA:306,0
DA:307,0
LF:182
LH:0
BRDA:15,0,0,0
BRDA:22,1,0,0
BRDA:22,1,1,0
BRDA:22,1,2,0
BRDA:22,1,3,0
BRDA:22,1,4,0
BRDA:22,1,5,0
BRDA:22,1,6,0
BRDA:22,1,7,0
BRDA:102,2,0,0
BRDA:102,2,1,0
BRDA:103,3,0,0
BRDA:103,3,1,0
BRDA:104,4,0,0
BRDA:104,4,1,0
BRDA:105,5,0,0
BRDA:105,5,1,0
BRDA:107,6,0,0
BRDA:107,7,0,0
BRDA:107,7,1,0
BRDA:123,8,0,0
BRDA:123,8,1,0
BRDA:127,9,0,0
BRDA:130,10,0,0
BRDA:130,10,1,0
BRDA:130,11,0,0
BRDA:130,11,1,0
BRDA:130,12,0,0
BRDA:130,12,1,0
BRDA:146,13,0,0
BRDA:146,13,1,0
BRDA:146,14,0,0
BRDA:146,14,1,0
BRDA:147,15,0,0
BRDA:147,15,1,0
BRDA:153,16,0,0
BRDA:160,17,0,0
BRDA:160,17,1,0
BRDA:161,18,0,0
BRDA:161,18,1,0
BRDA:162,19,0,0
BRDA:162,19,1,0
BRDA:166,20,0,0
BRDA:168,21,0,0
BRDA:173,22,0,0
BRDA:177,23,0,0
BRDA:177,24,0,0
BRDA:177,24,1,0
BRDA:187,25,0,0
BRDA:187,25,1,0
BRDA:188,26,0,0
BRDA:188,26,1,0
BRDA:188,27,0,0
BRDA:188,27,1,0
BRDA:192,28,0,0
BRDA:192,28,1,0
BRDA:196,29,0,0
BRDA:204,30,0,0
BRDA:233,31,0,0
BRDA:233,31,1,0
BRDA:233,32,0,0
BRDA:233,32,1,0
BRDA:240,33,0,0
BRDA:251,34,0,0
BRDA:254,35,0,0
BRDA:254,35,1,0
BRDA:255,36,0,0
BRDA:255,36,1,0
BRDA:258,37,0,0
BRDA:264,38,0,0
BRDA:264,39,0,0
BRDA:264,39,1,0
BRDA:276,40,0,0
BRDA:276,40,1,0
BRDA:278,41,0,0
BRDA:278,41,1,0
BRDA:278,41,2,0
BRDA:278,41,3,0
BRDA:278,41,4,0
BRDA:303,42,0,0
BRF:80
BRH:0
end_of_record
TN:
SF:src/console/commands/exit.ts
FN:9,(anonymous_0)
FN:29,(anonymous_1)
FNF:2
FNH:0
FNDA:0,(anonymous_0)
FNDA:0,(anonymous_1)
DA:8,0
DA:10,0
DA:13,0
DA:14,0
DA:16,0
DA:17,0
DA:19,0
DA:20,0
DA:23,0
DA:26,0
DA:30,0
DA:31,0
DA:32,0
DA:34,0
DA:35,0
DA:36,0
DA:37,0
DA:39,0
LF:18
LH:0
BRDA:19,0,0,0
BRDA:34,1,0,0
BRDA:34,1,1,0
BRDA:36,2,0,0
BRDA:36,2,1,0
BRF:5
BRH:0
end_of_record
TN:
SF:src/console/commands/help.ts
FN:9,(anonymous_0)
FN:17,(anonymous_1)
FN:71,(anonymous_2)
FNF:3
FNH:0
FNDA:0,(anonymous_0)
FNDA:0,(anonymous_1)
FNDA:0,(anonymous_2)
DA:8,0
DA:10,0
DA:11,0
DA:13,0
DA:18,0
DA:20,0
DA:21,0
DA:22,0
DA:23,0
DA:24,0
DA:25,0
DA:26,0
DA:27,0
DA:28,0
DA:29,0
DA:30,0
DA:32,0
DA:33,0
DA:34,0
DA:35,0
DA:36,0
DA:38,0
DA:39,0
DA:40,0
DA:41,0
DA:42,0
DA:43,0
DA:44,0
DA:46,0
DA:47,0
DA:48,0
DA:49,0
DA:50,0
DA:52,0
DA:53,0
DA:54,0
DA:55,0
DA:56,0
DA:57,0
DA:58,0
DA:59,0
DA:61,0
DA:62,0
DA:63,0
DA:64,0
DA:67,0
DA:68,0
DA:72,0
DA:74,0
DA:75,0
DA:76,0
DA:77,0
DA:78,0
DA:79,0
DA:80,0
DA:81,0
DA:82,0
DA:83,0
DA:84,0
DA:87,0
DA:88,0
DA:89,0
DA:90,0
DA:91,0
DA:92,0
DA:93,0
DA:94,0
DA:95,0
DA:96,0
DA:99,0
DA:100,0
DA:101,0
DA:102,0
DA:103,0
DA:104,0
DA:105,0
DA:106,0
DA:107,0
DA:108,0
DA:109,0
DA:110,0
DA:111,0
DA:112,0
DA:115,0
DA:116,0
DA:117,0
DA:118,0
DA:119,0
DA:120,0
DA:121,0
DA:122,0
DA:123,0
DA:124,0
DA:125,0
DA:126,0
DA:129,0
DA:130,0
DA:131,0
DA:132,0
DA:133,0
DA:134,0
DA:135,0
DA:136,0
DA:137,0
DA:138,0
DA:139,0
DA:140,0
DA:141,0
DA:142,0
DA:143,0
DA:144,0
DA:145,0
DA:146,0
DA:147,0
DA:150,0
DA:151,0
DA:152,0
DA:153,0
DA:154,0
DA:155,0
DA:156,0
DA:157,0
DA:158,0
DA:159,0
DA:160,0
DA:161,0
DA:162,0
DA:163,0
DA:166,0
DA:167,0
DA:168,0
DA:169,0
DA:170,0
DA:171,0
DA:172,0
DA:173,0
DA:174,0
DA:175,0
DA:176,0
DA:177,0
DA:178,0
DA:179,0
DA:180,0
DA:181,0
DA:184,0
DA:185,0
DA:186,0
DA:187,0
DA:188,0
DA:189,0
DA:190,0
DA:191,0
DA:192,0
DA:193,0
DA:194,0
DA:195,0
DA:196,0
DA:197,0
DA:198,0
DA:199,0
DA:202,0
DA:203,0
DA:204,0
DA:205,0
DA:206,0
DA:207,0
DA:208,0
DA:209,0
DA:210,0
DA:211,0
DA:212,0
DA:213,0
DA:214,0
DA:215,0
DA:216,0
DA:217,0
DA:220,0
DA:221,0
DA:222,0
DA:223,0
DA:224,0
DA:225,0
DA:226,0
DA:227,0
DA:228,0
DA:229,0
DA:230,0
DA:231,0
DA:232,0
DA:235,0
DA:236,0
DA:237,0
DA:238,0
DA:239,0
DA:240,0
DA:241,0
DA:242,0
DA:243,0
DA:244,0
DA:245,0
DA:246,0
DA:247,0
DA:248,0
DA:249,0
DA:252,0
DA:253,0
DA:254,0
DA:255,0
DA:256,0
DA:257,0
DA:258,0
DA:259,0
DA:260,0
DA:261,0
DA:262,0
DA:263,0
DA:266,0
DA:267,0
LF:218
LH:0
BRDA:10,0,0,0
BRDA:10,0,1,0
BRDA:52,1,0,0
BRDA:52,1,1,0
BRDA:72,2,0,0
BRDA:72,2,1,0
BRDA:72,2,2,0
BRDA:72,2,3,0
BRDA:72,2,4,0
BRDA:72,2,5,0
BRDA:72,2,6,0
BRDA:72,2,7,0
BRDA:72,2,8,0
BRDA:72,2,9,0
BRDA:72,2,10,0
BRDA:72,2,11,0
BRDA:72,2,12,0
BRF:17
BRH:0
end_of_record
TN:
SF:src/console/commands/init.ts
FN:11,(anonymous_0)
FN:49,(anonymous_1)
FN:100,(anonymous_2)
FN:101,(anonymous_3)
FN:102,(anonymous_4)
FN:108,(anonymous_5)
FN:109,(anonymous_6)
FN:122,(anonymous_7)
FNF:8
FNH:0
FNDA:0,(anonymous_0)
FNDA:0,(anonymous_1)
FNDA:0,(anonymous_2)
FNDA:0,(anonymous_3)
FNDA:0,(anonymous_4)
FNDA:0,(anonymous_5)
FNDA:0,(anonymous_6)
FNDA:0,(anonymous_7)
DA:7,0
DA:10,0
DA:12,0
DA:15,0
DA:16,0
DA:17,0
DA:18,0
DA:19,0
DA:20,0
DA:21,0
DA:22,0
DA:28,0
DA:30,0
DA:33,0
DA:35,0
DA:36,0
DA:37,0
DA:38,0
DA:39,0
DA:40,0
DA:41,0
DA:42,0
DA:45,0
DA:50,0
DA:52,0
DA:54,0
DA:56,0
DA:57,0
DA:58,0
DA:59,0
DA:60,0
DA:61,0
DA:62,0
DA:64,0
DA:66,0
DA:76,0
DA:77,0
DA:80,0
DA:81,0
DA:84,0
DA:94,0
DA:95,0
DA:101,0
DA:102,0
DA:103,0
DA:109,0
DA:111,0
DA:112,0
DA:114,0
DA:116,0
DA:117,0
DA:120,0
DA:122,0
DA:123,0
DA:125,0
DA:126,0
DA:127,0
DA:128,0
DA:130,0
DA:131,0
DA:132,0
DA:134,0
DA:135,0
DA:136,0
DA:138,0
DA:140,0
DA:141,0
DA:142,0
DA:144,0
DA:145,0
DA:146,0
DA:148,0
DA:149,0
DA:153,0
LF:74
LH:0
BRDA:17,0,0,0
BRDA:45,1,0,0
BRDA:45,1,1,0
BRDA:57,2,0,0
BRDA:57,2,1,0
BRDA:58,3,0,0
BRDA:58,3,1,0
BRDA:61,4,0,0
BRDA:61,4,1,0
BRDA:116,5,0,0
BRDA:125,6,0,0
BRDA:125,6,1,0
BRDA:125,7,0,0
BRDA:125,7,1,0
BRDA:127,8,0,0
BRDA:132,9,0,0
BRDA:132,9,1,0
BRDA:132,10,0,0
BRDA:132,10,1,0
BRDA:134,11,0,0
BRDA:138,12,0,0
BRDA:138,12,1,0
BRDA:141,13,0,0
BRDA:146,14,0,0
BRDA:146,15,0,0
BRDA:146,15,1,0
BRF:26
BRH:0
end_of_record
TN:
SF:src/console/commands/report-issue.ts
FN:13,(anonymous_9)
FN:58,(anonymous_10)
FN:102,(anonymous_11)
FN:133,(anonymous_12)
FN:166,(anonymous_13)
FN:193,(anonymous_14)
FNF:6
FNH:0
FNDA:0,(anonymous_9)
FNDA:0,(anonymous_10)
FNDA:0,(anonymous_11)
FNDA:0,(anonymous_12)
FNDA:0,(anonymous_13)
FNDA:0,(anonymous_14)
DA:6,0
DA:7,0
DA:9,0
DA:10,0
DA:12,0
DA:14,0
DA:15,0
DA:17,0
DA:19,0
DA:21,0
DA:22,0
DA:25,0
DA:32,0
DA:35,0
DA:38,0
DA:39,0
DA:41,0
DA:51,0
DA:54,0
DA:65,0
DA:71,0
DA:73,0
DA:74,0
DA:76,0
DA:79,0
DA:80,0
DA:81,0
DA:83,0
DA:85,0
DA:86,0
DA:88,0
DA:89,0
DA:91,0
DA:95,0
DA:96,0
DA:99,0
DA:103,0
DA:105,0
DA:106,0
DA:109,0
DA:110,0
DA:111,0
DA:114,0
DA:129,0
DA:130,0
DA:134,0
DA:136,0
DA:137,0
DA:138,0
DA:139,0
DA:140,0
DA:141,0
DA:142,0
DA:143,0
DA:145,0
DA:146,0
DA:149,0
DA:150,0
DA:153,0
DA:154,0
DA:157,0
DA:158,0
DA:159,0
DA:160,0
DA:167,0
DA:169,0
DA:170,0
DA:171,0
DA:173,0
DA:174,0
DA:175,0
DA:176,0
DA:178,0
DA:179,0
DA:180,0
DA:181,0
DA:182,0
DA:184,0
DA:185,0
DA:186,0
DA:187,0
DA:189,0
DA:190,0
DA:194,0
DA:195,0
DA:196,0
DA:197,0
DA:198,0
DA:203,0
LF:89
LH:0
BRDA:22,0,0,0
BRDA:22,0,1,0
BRDA:22,0,2,0
BRDA:54,1,0,0
BRDA:54,1,1,0
BRDA:76,2,0,0
BRDA:76,2,1,0
BRDA:76,2,2,0
BRDA:76,2,3,0
BRDA:76,2,4,0
BRDA:79,3,0,0
BRDA:95,4,0,0
BRDA:105,5,0,0
BRDA:145,6,0,0
BRDA:149,7,0,0
BRDA:196,8,0,0
BRDA:198,9,0,0
BRDA:198,9,1,0
BRF:18
BRH:0
end_of_record
TN:
SF:src/console/commands/status.ts
FN:10,(anonymous_0)
FN:72,(anonymous_1)
FN:79,(anonymous_2)
FN:93,(anonymous_3)
FN:97,(anonymous_4)
FN:101,(anonymous_5)
FN:102,(anonymous_6)
FN:125,(anonymous_7)
FNF:8
FNH:0
FNDA:0,(anonymous_0)
FNDA:0,(anonymous_1)
FNDA:0,(anonymous_2)
FNDA:0,(anonymous_3)
FNDA:0,(anonymous_4)
FNDA:0,(anonymous_5)
FNDA:0,(anonymous_6)
FNDA:0,(anonymous_7)
DA:7,0
DA:9,0
DA:11,0
DA:14,0
DA:15,0
DA:16,0
DA:17,0
DA:18,0
DA:19,0
DA:22,0
DA:23,0
DA:24,0
DA:25,0
DA:26,0
DA:29,0
DA:30,0
DA:31,0
DA:32,0
DA:34,0
DA:35,0
DA:36,0
DA:37,0
DA:38,0
DA:41,0
DA:43,0
DA:44,0
DA:47,0
DA:48,0
DA:52,0
DA:53,0
DA:57,0
DA:58,0
DA:59,0
DA:60,0
DA:64,0
DA:65,0
DA:66,0
DA:67,0
DA:69,0
DA:73,0
DA:75,0
DA:77,0
DA:78,0
DA:79,0
DA:82,0
DA:83,0
DA:84,0
DA:85,0
DA:87,0
DA:88,0
DA:89,0
DA:92,0
DA:93,0
DA:96,0
DA:97,0
DA:99,0
DA:100,0
DA:101,0
DA:102,0
DA:105,0
DA:109,0
DA:110,0
DA:113,0
DA:114,0
DA:115,0
DA:117,0
DA:121,0
DA:126,0
DA:127,0
DA:128,0
DA:130,0
DA:131,0
DA:132,0
DA:133,0
DA:135,0
LF:75
LH:0
BRDA:14,0,0,0
BRDA:14,0,1,0
BRDA:26,1,0,0
BRDA:26,1,1,0
BRDA:34,2,0,0
BRDA:34,2,1,0
BRDA:48,3,0,0
BRDA:48,3,1,0
BRDA:52,4,0,0
BRDA:93,5,0,0
BRDA:93,5,1,0
BRDA:97,6,0,0
BRDA:97,6,1,0
BRDA:105,7,0,0
BRDA:105,7,1,0
BRDA:130,8,0,0
BRDA:130,8,1,0
BRDA:132,9,0,0
BRDA:132,9,1,0
BRF:19
BRH:0
end_of_record
TN:
SF:src/console/commands/sync.ts
FN:15,(anonymous_0)
FN:20,(anonymous_1)
FN:168,(anonymous_2)
FN:178,(anonymous_3)
FN:190,(anonymous_4)
FN:197,(anonymous_5)
FN:234,(anonymous_6)
FN:268,(anonymous_7)
FN:298,(anonymous_8)
FN:345,(anonymous_9)
FNF:10
FNH:0
FNDA:0,(anonymous_0)
FNDA:0,(anonymous_1)
FNDA:0,(anonymous_2)
FNDA:0,(anonymous_3)
FNDA:0,(anonymous_4)
FNDA:0,(anonymous_5)
FNDA:0,(anonymous_6)
FNDA:0,(anonymous_7)
FNDA:0,(anonymous_8)
FNDA:0,(anonymous_9)
DA:7,0
DA:8,0
DA:9,0
DA:10,0
DA:11,0
DA:12,0
DA:13,0
DA:15,0
DA:16,0
DA:17,0
DA:18,0
DA:22,0
DA:27,0
DA:29,0
DA:34,0
DA:37,0
DA:38,0
DA:39,0
DA:41,0
DA:45,0
DA:46,0
DA:49,0
DA:51,0
DA:56,0
DA:57,0
DA:58,0
DA:59,0
DA:61,0
DA:63,0
DA:64,0
DA:65,0
DA:67,0
DA:77,0
DA:78,0
DA:79,0
DA:82,0
DA:83,0
DA:85,0
DA:92,0
DA:95,0
DA:98,0
DA:101,0
DA:104,0
DA:107,0
DA:109,0
DA:111,0
DA:112,0
DA:113,0
DA:114,0
DA:115,0
DA:116,0
DA:117,0
DA:118,0
DA:119,0
DA:121,0
DA:122,0
DA:123,0
DA:124,0
DA:125,0
DA:128,0
DA:134,0
DA:139,0
DA:145,0
DA:147,0
DA:149,0
DA:159,0
DA:164,0
DA:169,0
DA:173,0
DA:175,0
DA:177,0
DA:178,0
DA:180,0
DA:181,0
DA:184,0
DA:185,0
DA:188,0
DA:189,0
DA:190,0
DA:191,0
DA:195,0
DA:196,0
DA:197,0
DA:198,0
DA:202,0
DA:203,0
DA:204,0
DA:206,0
DA:210,0
DA:212,0
DA:217,0
DA:224,0
DA:229,0
DA:230,0
DA:235,0
DA:237,0
DA:238,0
DA:241,0
DA:243,0
DA:245,0
DA:246,0
DA:247,0
DA:248,0
DA:252,0
DA:253,0
DA:254,0
DA:255,0
DA:260,0
DA:261,0
DA:264,0
DA:269,0
DA:271,0
DA:272,0
DA:275,0
DA:276,0
DA:277,0
DA:279,0
DA:280,0
DA:281,0
DA:282,0
DA:283,0
DA:286,0
DA:287,0
DA:290,0
DA:291,0
DA:294,0
DA:299,0
DA:301,0
DA:302,0
DA:305,0
DA:306,0
DA:307,0
DA:308,0
DA:311,0
DA:312,0
DA:313,0
DA:314,0
DA:316,0
DA:317,0
DA:319,0
DA:324,0
DA:325,0
DA:327,0
DA:328,0
DA:332,0
DA:334,0
DA:335,0
DA:336,0
DA:337,0
DA:338,0
DA:341,0
DA:346,0
DA:348,0
DA:351,0
DA:354,0
LF:155
LH:0
BRDA:23,0,0,0
BRDA:23,0,1,0
BRDA:37,1,0,0
BRDA:56,2,0,0
BRDA:56,2,1,0
BRDA:63,3,0,0
BRDA:67,4,0,0
BRDA:67,4,1,0
BRDA:77,5,0,0
BRDA:77,5,1,0
BRDA:147,6,0,0
BRDA:147,6,1,0
BRDA:161,7,0,0
BRDA:161,7,1,0
BRDA:189,8,0,0
BRDA:196,9,0,0
BRDA:230,10,0,0
BRDA:230,10,1,0
BRDA:248,11,0,0
BRDA:248,11,1,0
BRDA:255,12,0,0
BRDA:255,12,1,0
BRDA:264,13,0,0
BRDA:264,13,1,0
BRDA:294,14,0,0
BRDA:294,14,1,0
BRDA:319,15,0,0
BRDA:319,15,1,0
BRDA:327,16,0,0
BRDA:327,16,1,0
BRDA:341,17,0,0
BRDA:341,17,1,0
BRDA:354,18,0,0
BRDA:354,18,1,0
BRF:34
BRH:0
end_of_record
TN:
SF:src/console/commands/validate.ts
FN:14,(anonymous_9)
FN:119,(anonymous_10)
FN:162,(anonymous_11)
FN:223,(anonymous_12)
FN:249,(anonymous_13)
FN:257,(anonymous_14)
FN:321,(anonymous_15)
FN:375,(anonymous_16)
FN:426,(anonymous_17)
FN:438,(anonymous_18)
FN:481,(anonymous_19)
FN:535,(anonymous_20)
FN:567,(anonymous_21)
FN:629,(anonymous_22)
FN:630,(anonymous_23)
FN:632,(anonymous_24)
FN:633,(anonymous_25)
FN:637,(anonymous_26)
FN:638,(anonymous_27)
FN:640,(anonymous_28)
FN:641,(anonymous_29)
FN:645,(anonymous_30)
FN:646,(anonymous_31)
FN:648,(anonymous_32)
FN:649,(anonymous_33)
FN:653,(anonymous_34)
FN:654,(anonymous_35)
FN:656,(anonymous_36)
FN:657,(anonymous_37)
FN:661,(anonymous_38)
FN:662,(anonymous_39)
FN:680,(anonymous_40)
FN:681,(anonymous_41)
FN:685,(anonymous_42)
FN:686,(anonymous_43)
FN:692,(anonymous_44)
FN:693,(anonymous_45)
FN:697,(anonymous_46)
FN:698,(anonymous_47)
FN:704,(anonymous_48)
FN:705,(anonymous_49)
FN:709,(anonymous_50)
FNF:42
FNH:0
FNDA:0,(anonymous_9)
FNDA:0,(anonymous_10)
FNDA:0,(anonymous_11)
FNDA:0,(anonymous_12)
FNDA:0,(anonymous_13)
FNDA:0,(anonymous_14)
FNDA:0,(anonymous_15)
FNDA:0,(anonymous_16)
FNDA:0,(anonymous_17)
FNDA:0,(anonymous_18)
FNDA:0,(anonymous_19)
FNDA:0,(anonymous_20)
FNDA:0,(anonymous_21)
FNDA:0,(anonymous_22)
FNDA:0,(anonymous_23)
FNDA:0,(anonymous_24)
FNDA:0,(anonymous_25)
FNDA:0,(anonymous_26)
FNDA:0,(anonymous_27)
FNDA:0,(anonymous_28)
FNDA:0,(anonymous_29)
FNDA:0,(anonymous_30)
FNDA:0,(anonymous_31)
FNDA:0,(anonymous_32)
FNDA:0,(anonymous_33)
FNDA:0,(anonymous_34)
FNDA:0,(anonymous_35)
FNDA:0,(anonymous_36)
FNDA:0,(anonymous_37)
FNDA:0,(anonymous_38)
FNDA:0,(anonymous_39)
FNDA:0,(anonymous_40)
FNDA:0,(anonymous_41)
FNDA:0,(anonymous_42)
FNDA:0,(anonymous_43)
FNDA:0,(anonymous_44)
FNDA:0,(anonymous_45)
FNDA:0,(anonymous_46)
FNDA:0,(anonymous_47)
FNDA:0,(anonymous_48)
FNDA:0,(anonymous_49)
FNDA:0,(anonymous_50)
DA:7,0
DA:8,0
DA:9,0
DA:10,0
DA:11,0
DA:13,0
DA:15,0
DA:18,0
DA:19,0
DA:20,0
DA:21,0
DA:24,0
DA:25,0
DA:27,0
DA:29,0
DA:32,0
DA:33,0
DA:34,0
DA:35,0
DA:36,0
DA:40,0
DA:41,0
DA:42,0
DA:43,0
DA:44,0
DA:48,0
DA:49,0
DA:50,0
DA:51,0
DA:52,0
DA:56,0
DA:57,0
DA:58,0
DA:59,0
DA:60,0
DA:64,0
DA:65,0
DA:66,0
DA:67,0
DA:68,0
DA:72,0
DA:73,0
DA:74,0
DA:75,0
DA:76,0
DA:77,0
DA:82,0
DA:83,0
DA:84,0
DA:85,0
DA:86,0
DA:87,0
DA:92,0
DA:93,0
DA:94,0
DA:96,0
DA:97,0
DA:98,0
DA:99,0
DA:100,0
DA:101,0
DA:102,0
DA:104,0
DA:105,0
DA:106,0
DA:107,0
DA:108,0
DA:109,0
DA:110,0
DA:112,0
DA:115,0
DA:120,0
DA:130,0
DA:131,0
DA:134,0
DA:135,0
DA:137,0
DA:138,0
DA:140,0
DA:141,0
DA:144,0
DA:145,0
DA:148,0
DA:149,0
DA:150,0
DA:153,0
DA:154,0
DA:155,0
DA:159,0
DA:163,0
DA:165,0
DA:171,0
DA:176,0
DA:180,0
DA:183,0
DA:184,0
DA:185,0
DA:186,0
DA:187,0
DA:189,0
DA:190,0
DA:191,0
DA:194,0
DA:199,0
DA:200,0
DA:201,0
DA:202,0
DA:204,0
DA:209,0
DA:210,0
DA:211,0
DA:212,0
DA:213,0
DA:215,0
DA:220,0
DA:221,0
DA:222,0
DA:223,0
DA:224,0
DA:225,0
DA:226,0
DA:228,0
DA:233,0
DA:234,0
DA:235,0
DA:236,0
DA:238,0
DA:239,0
DA:240,0
DA:242,0
DA:245,0
DA:246,0
DA:247,0
DA:249,0
DA:250,0
DA:254,0
DA:258,0
DA:259,0
DA:262,0
DA:263,0
DA:264,0
DA:265,0
DA:266,0
DA:269,0
DA:270,0
DA:271,0
DA:272,0
DA:273,0
DA:275,0
DA:280,0
DA:281,0
DA:282,0
DA:285,0
DA:286,0
DA:290,0
DA:291,0
DA:294,0
DA:295,0
DA:299,0
DA:300,0
DA:301,0
DA:302,0
DA:303,0
DA:305,0
DA:306,0
DA:307,0
DA:309,0
DA:313,0
DA:314,0
DA:318,0
DA:322,0
DA:324,0
DA:325,0
DA:326,0
DA:329,0
DA:331,0
DA:333,0
DA:334,0
DA:335,0
DA:336,0
DA:337,0
DA:341,0
DA:342,0
DA:343,0
DA:344,0
DA:345,0
DA:349,0
DA:350,0
DA:351,0
DA:352,0
DA:353,0
DA:357,0
DA:358,0
DA:359,0
DA:360,0
DA:361,0
DA:362,0
DA:366,0
DA:367,0
DA:370,0
DA:371,0
DA:376,0
DA:378,0
DA:379,0
DA:380,0
DA:383,0
DA:385,0
DA:387,0
DA:388,0
DA:389,0
DA:390,0
DA:391,0
DA:394,0
DA:395,0
DA:398,0
DA:399,0
DA:400,0
DA:401,0
DA:402,0
DA:403,0
DA:408,0
DA:409,0
DA:410,0
DA:411,0
DA:412,0
DA:413,0
DA:417,0
DA:418,0
DA:421,0
DA:422,0
DA:427,0
DA:429,0
DA:430,0
DA:431,0
DA:433,0
DA:434,0
DA:435,0
DA:438,0
DA:439,0
DA:440,0
DA:442,0
DA:443,0
DA:444,0
DA:447,0
DA:451,0
DA:452,0
DA:453,0
DA:456,0
DA:457,0
DA:459,0
DA:460,0
DA:461,0
DA:462,0
DA:463,0
DA:465,0
DA:470,0
DA:471,0
DA:474,0
DA:475,0
DA:476,0
DA:477,0
DA:482,0
DA:484,0
DA:485,0
DA:486,0
DA:487,0
DA:490,0
DA:492,0
DA:494,0
DA:495,0
DA:497,0
DA:498,0
DA:499,0
DA:500,0
DA:501,0
DA:503,0
DA:507,0
DA:508,0
DA:509,0
DA:513,0
DA:514,0
DA:515,0
DA:517,0
DA:521,0
DA:522,0
DA:523,0
DA:526,0
DA:527,0
DA:530,0
DA:531,0
DA:536,0
DA:538,0
DA:540,0
DA:542,0
DA:543,0
DA:545,0
DA:546,0
DA:549,0
DA:550,0
DA:551,0
DA:555,0
DA:556,0
DA:557,0
DA:562,0
DA:563,0
DA:564,0
DA:566,0
DA:567,0
DA:569,0
DA:570,0
DA:571,0
DA:574,0
DA:575,0
DA:576,0
DA:577,0
DA:583,0
DA:584,0
DA:585,0
DA:586,0
DA:587,0
DA:588,0
DA:593,0
DA:594,0
DA:596,0
DA:598,0
DA:599,0
DA:602,0
DA:603,0
DA:604,0
DA:605,0
DA:609,0
DA:610,0
DA:614,0
DA:615,0
DA:617,0
DA:620,0
DA:623,0
DA:624,0
DA:630,0
DA:631,0
DA:632,0
DA:633,0
DA:638,0
DA:639,0
DA:640,0
DA:641,0
DA:646,0
DA:647,0
DA:648,0
DA:649,0
DA:654,0
DA:655,0
DA:656,0
DA:657,0
DA:662,0
DA:663,0
DA:670,0
DA:680,0
DA:681,0
DA:686,0
DA:687,0
DA:692,0
DA:693,0
DA:698,0
DA:699,0
DA:704,0
DA:705,0
DA:710,0
DA:711,0
DA:712,0
LF:370
LH:0
BRDA:18,0,0,0
BRDA:35,1,0,0
BRDA:43,2,0,0
BRDA:51,3,0,0
BRDA:59,4,0,0
BRDA:67,5,0,0
BRDA:72,6,0,0
BRDA:72,7,0,0
BRDA:72,7,1,0
BRDA:76,8,0,0
BRDA:82,9,0,0
BRDA:82,10,0,0
BRDA:82,10,1,0
BRDA:86,11,0,0
BRDA:96,12,0,0
BRDA:96,12,1,0
BRDA:115,13,0,0
BRDA:115,13,1,0
BRDA:131,14,0,0
BRDA:131,14,1,0
BRDA:131,14,2,0
BRDA:131,14,3,0
BRDA:131,14,4,0
BRDA:131,14,5,0
BRDA:131,14,6,0
BRDA:131,14,7,0
BRDA:131,14,8,0
BRDA:131,14,9,0
BRDA:185,15,0,0
BRDA:185,15,1,0
BRDA:189,16,0,0
BRDA:201,17,0,0
BRDA:201,17,1,0
BRDA:211,18,0,0
BRDA:211,18,1,0
BRDA:221,19,0,0
BRDA:224,20,0,0
BRDA:224,20,1,0
BRDA:234,21,0,0
BRDA:238,22,0,0
BRDA:238,22,1,0
BRDA:245,23,0,0
BRDA:245,23,1,0
BRDA:263,24,0,0
BRDA:263,24,1,0
BRDA:271,25,0,0
BRDA:271,25,1,0
BRDA:280,26,0,0
BRDA:280,27,0,0
BRDA:280,27,1,0
BRDA:280,27,2,0
BRDA:285,28,0,0
BRDA:285,29,0,0
BRDA:285,29,1,0
BRDA:290,30,0,0
BRDA:290,30,1,0
BRDA:300,31,0,0
BRDA:305,32,0,0
BRDA:305,32,1,0
BRDA:313,33,0,0
BRDA:313,33,1,0
BRDA:324,34,0,0
BRDA:334,35,0,0
BRDA:343,36,0,0
BRDA:351,37,0,0
BRDA:357,38,0,0
BRDA:360,39,0,0
BRDA:370,40,0,0
BRDA:370,40,1,0
BRDA:378,41,0,0
BRDA:388,42,0,0
BRDA:398,43,0,0
BRDA:401,44,0,0
BRDA:408,45,0,0
BRDA:411,46,0,0
BRDA:421,47,0,0
BRDA:421,47,1,0
BRDA:430,48,0,0
BRDA:433,49,0,0
BRDA:442,50,0,0
BRDA:456,51,0,0
BRDA:465,52,0,0
BRDA:465,52,1,0
BRDA:474,53,0,0
BRDA:474,53,1,0
BRDA:484,54,0,0
BRDA:499,55,0,0
BRDA:499,55,1,0
BRDA:507,56,0,0
BRDA:514,57,0,0
BRDA:514,57,1,0
BRDA:522,58,0,0
BRDA:530,59,0,0
BRDA:530,59,1,0
BRDA:545,60,0,0
BRDA:549,61,0,0
BRDA:549,62,0,0
BRDA:549,62,1,0
BRDA:555,63,0,0
BRDA:563,64,0,0
BRDA:574,65,0,0
BRDA:586,66,0,0
BRDA:593,67,0,0
BRDA:593,68,0,0
BRDA:593,68,1,0
BRDA:603,69,0,0
BRDA:610,70,0,0
BRDA:610,70,1,0
BRDA:614,71,0,0
BRDA:614,71,1,0
BRDA:623,72,0,0
BRDA:623,72,1,0
BRDA:665,73,0,0
BRDA:665,73,1,0
BRDA:666,74,0,0
BRDA:666,74,1,0
BRDA:667,75,0,0
BRDA:667,75,1,0
BRDA:676,76,0,0
BRDA:676,76,1,0
BRDA:712,77,0,0
BRDA:712,77,1,0
BRF:122
BRH:0
end_of_record
TN:
SF:src/database/client.ts
FN:11,(anonymous_0)
FN:17,(anonymous_1)
FN:24,(anonymous_2)
FN:28,(anonymous_3)
FN:32,(anonymous_4)
FN:36,(anonymous_5)
FNF:6
FNH:0
FNDA:0,(anonymous_0)
FNDA:0,(anonymous_1)
FNDA:0,(anonymous_2)
FNDA:0,(anonymous_3)
FNDA:0,(anonymous_4)
FNDA:0,(anonymous_5)
DA:5,0
DA:7,0
DA:12,0
DA:18,0
DA:19,0
DA:21,0
DA:25,0
DA:29,0
DA:33,0
DA:37,0
DA:39,0
DA:40,0
DA:45,0
DA:51,0
LF:14
LH:0
BRDA:13,0,0,0
BRDA:13,0,1,0
BRDA:18,1,0,0
BRDA:45,2,0,0
BRDA:45,2,1,0
BRF:5
BRH:0
end_of_record
TN:
SF:src/database/repositories.ts
FNF:0
FNH:0
DA:5,0
LF:1
LH:0
BRF:0
BRH:0
end_of_record
TN:
SF:src/database/repositories/base-repository.ts
FN:55,(anonymous_0)
FN:66,(anonymous_1)
FN:72,(anonymous_2)
FN:78,(anonymous_3)
FN:90,(anonymous_4)
FN:93,(anonymous_5)
FN:98,(anonymous_6)
FN:112,(anonymous_7)
FN:113,(anonymous_8)
FN:122,(anonymous_9)
FN:123,(anonymous_10)
FN:132,(anonymous_11)
FN:133,(anonymous_12)
FN:142,(anonymous_13)
FN:143,(anonymous_14)
FN:152,(anonymous_15)
FN:153,(anonymous_16)
FNF:17
FNH:0
FNDA:0,(anonymous_0)
FNDA:0,(anonymous_1)
FNDA:0,(anonymous_2)
FNDA:0,(anonymous_3)
FNDA:0,(anonymous_4)
FNDA:0,(anonymous_5)
FNDA:0,(anonymous_6)
FNDA:0,(anonymous_7)
FNDA:0,(anonymous_8)
FNDA:0,(anonymous_9)
FNDA:0,(anonymous_10)
FNDA:0,(anonymous_11)
FNDA:0,(anonymous_12)
FNDA:0,(anonymous_13)
FNDA:0,(anonymous_14)
FNDA:0,(anonymous_15)
FNDA:0,(anonymous_16)
DA:54,0
DA:57,0
DA:58,0
DA:60,0
DA:61,0
DA:65,0
DA:67,0
DA:71,0
DA:72,0
DA:73,0
DA:77,0
DA:79,0
DA:90,0
DA:91,0
DA:94,0
DA:95,0
DA:99,0
DA:100,0
DA:101,0
DA:102,0
DA:111,0
DA:112,0
DA:114,0
DA:115,0
DA:116,0
DA:118,0
DA:122,0
DA:124,0
DA:125,0
DA:126,0
DA:128,0
DA:132,0
DA:134,0
DA:135,0
DA:136,0
DA:138,0
DA:142,0
DA:144,0
DA:145,0
DA:146,0
DA:148,0
DA:152,0
DA:154,0
DA:155,0
DA:156,0
DA:158,0
LF:46
LH:0
BRDA:101,0,0,0
BRDA:115,1,0,0
BRDA:115,2,0,0
BRDA:115,2,1,0
BRDA:115,2,2,0
BRDA:125,3,0,0
BRDA:125,4,0,0
BRDA:125,4,1,0
BRDA:135,5,0,0
BRDA:135,6,0,0
BRDA:135,6,1,0
BRDA:145,7,0,0
BRDA:145,8,0,0
BRDA:145,8,1,0
BRDA:145,8,2,0
BRDA:145,8,3,0
BRDA:155,9,0,0
BRDA:155,10,0,0
BRDA:155,10,1,0
BRDA:155,10,2,0
BRF:20
BRH:0
end_of_record
TN:
SF:src/database/repositories/container-repository.ts
FN:76,(anonymous_0)
FN:83,(anonymous_1)
FN:91,(anonymous_2)
FN:101,(anonymous_3)
FN:132,(anonymous_4)
FN:141,(anonymous_5)
FN:173,(anonymous_6)
FN:205,(anonymous_7)
FN:221,(anonymous_8)
FN:241,(anonymous_9)
FN:253,(anonymous_10)
FN:261,(anonymous_11)
FN:265,(anonymous_12)
FN:274,(anonymous_13)
FN:290,(anonymous_14)
FN:298,(anonymous_15)
FN:306,(anonymous_16)
FN:310,(anonymous_17)
FN:318,(anonymous_18)
FN:329,(anonymous_19)
FN:342,(anonymous_20)
FN:351,(anonymous_21)
FN:364,(anonymous_22)
FN:388,(anonymous_23)
FN:389,(anonymous_24)
FN:390,(anonymous_25)
FN:393,(anonymous_26)
FN:398,(anonymous_27)
FN:403,(anonymous_28)
FN:407,(anonymous_29)
FN:412,(anonymous_30)
FN:417,(anonymous_31)
FN:436,(anonymous_32)
FN:443,(anonymous_33)
FN:459,(anonymous_34)
FNF:35
FNH:0
FNDA:0,(anonymous_0)
FNDA:0,(anonymous_1)
FNDA:0,(anonymous_2)
FNDA:0,(anonymous_3)
FNDA:0,(anonymous_4)
FNDA:0,(anonymous_5)
FNDA:0,(anonymous_6)
FNDA:0,(anonymous_7)
FNDA:0,(anonymous_8)
FNDA:0,(anonymous_9)
FNDA:0,(anonymous_10)
FNDA:0,(anonymous_11)
FNDA:0,(anonymous_12)
FNDA:0,(anonymous_13)
FNDA:0,(anonymous_14)
FNDA:0,(anonymous_15)
FNDA:0,(anonymous_16)
FNDA:0,(anonymous_17)
FNDA:0,(anonymous_18)
FNDA:0,(anonymous_19)
FNDA:0,(anonymous_20)
FNDA:0,(anonymous_21)
FNDA:0,(anonymous_22)
FNDA:0,(anonymous_23)
FNDA:0,(anonymous_24)
FNDA:0,(anonymous_25)
FNDA:0,(anonymous_26)
FNDA:0,(anonymous_27)
FNDA:0,(anonymous_28)
FNDA:0,(anonymous_29)
FNDA:0,(anonymous_30)
FNDA:0,(anonymous_31)
FNDA:0,(anonymous_32)
FNDA:0,(anonymous_33)
FNDA:0,(anonymous_34)
DA:5,0
DA:6,0
DA:7,0
DA:73,0
DA:77,0
DA:84,0
DA:85,0
DA:87,0
DA:92,0
DA:93,0
DA:95,0
DA:102,0
DA:105,0
DA:110,0
DA:111,0
DA:114,0
DA:115,0
DA:123,0
DA:124,0
DA:125,0
DA:128,0
DA:133,0
DA:135,0
DA:149,0
DA:151,0
DA:153,0
DA:164,0
DA:175,0
DA:176,0
DA:177,0
DA:181,0
DA:182,0
DA:187,0
DA:188,0
DA:192,0
DA:193,0
DA:201,0
DA:207,0
DA:208,0
DA:209,0
DA:212,0
DA:213,0
DA:217,0
DA:223,0
DA:224,0
DA:227,0
DA:228,0
DA:229,0
DA:230,0
DA:231,0
DA:234,0
DA:238,0
DA:242,0
DA:250,0
DA:254,0
DA:258,0
DA:262,0
DA:266,0
DA:271,0
DA:275,0
DA:276,0
DA:277,0
DA:282,0
DA:291,0
DA:299,0
DA:307,0
DA:311,0
DA:319,0
DA:330,0
DA:343,0
DA:352,0
DA:375,0
DA:387,0
DA:388,0
DA:389,0
DA:390,0
DA:392,0
DA:393,0
DA:397,0
DA:398,0
DA:402,0
DA:403,0
DA:407,0
DA:408,0
DA:411,0
DA:412,0
DA:416,0
DA:417,0
DA:418,0
DA:419,0
DA:423,0
DA:437,0
DA:444,0
DA:460,0
LF:94
LH:0
BRDA:84,0,0,0
BRDA:92,1,0,0
BRDA:92,2,0,0
BRDA:92,2,1,0
BRDA:110,3,0,0
BRDA:123,4,0,0
BRDA:124,5,0,0
BRDA:133,6,0,0
BRDA:133,6,1,0
BRDA:141,7,0,0
BRDA:143,8,0,0
BRDA:144,9,0,0
BRDA:146,10,0,0
BRDA:147,11,0,0
BRDA:148,12,0,0
BRDA:151,13,0,0
BRDA:151,13,1,0
BRDA:176,14,0,0
BRDA:181,15,0,0
BRDA:181,16,0,0
BRDA:181,16,1,0
BRDA:187,17,0,0
BRDA:208,18,0,0
BRDA:261,19,0,0
BRDA:293,20,0,0
BRDA:293,20,1,0
BRDA:294,21,0,0
BRDA:294,21,1,0
BRDA:301,22,0,0
BRDA:301,22,1,0
BRDA:302,23,0,0
BRDA:302,23,1,0
BRDA:313,24,0,0
BRDA:313,24,1,0
BRDA:314,25,0,0
BRDA:314,25,1,0
BRDA:321,26,0,0
BRDA:321,26,1,0
BRDA:322,27,0,0
BRDA:322,27,1,0
BRDA:329,28,0,0
BRDA:337,29,0,0
BRDA:337,29,1,0
BRDA:359,30,0,0
BRDA:359,30,1,0
BRDA:388,31,0,0
BRDA:388,31,1,0
BRDA:389,32,0,0
BRDA:389,32,1,0
BRDA:393,33,0,0
BRDA:393,33,1,0
BRDA:398,34,0,0
BRDA:398,34,1,0
BRDA:403,35,0,0
BRDA:403,35,1,0
BRDA:408,36,0,0
BRDA:408,36,1,0
BRDA:408,36,2,0
BRDA:411,37,0,0
BRDA:411,37,1,0
BRDA:412,38,0,0
BRDA:412,38,1,0
BRDA:418,39,0,0
BRDA:419,40,0,0
BRDA:419,40,1,0
BRDA:462,41,0,0
BRDA:462,41,1,0
BRDA:463,42,0,0
BRDA:463,42,1,0
BRF:69
BRH:0
end_of_record
TN:
SF:src/database/repositories/node-repository.ts
FN:64,(anonymous_0)
FN:71,(anonymous_1)
FN:80,(anonymous_2)
FN:101,(anonymous_3)
FN:110,(anonymous_4)
FN:142,(anonymous_5)
FN:162,(anonymous_6)
FN:185,(anonymous_7)
FN:205,(anonymous_8)
FN:217,(anonymous_9)
FN:225,(anonymous_10)
FN:229,(anonymous_11)
FN:238,(anonymous_12)
FN:254,(anonymous_13)
FN:262,(anonymous_14)
FN:266,(anonymous_15)
FN:278,(anonymous_16)
FN:296,(anonymous_17)
FN:300,(anonymous_18)
FN:317,(anonymous_19)
FN:318,(anonymous_20)
FN:319,(anonymous_21)
FN:321,(anonymous_22)
FNF:23
FNH:0
FNDA:0,(anonymous_0)
FNDA:0,(anonymous_1)
FNDA:0,(anonymous_2)
FNDA:0,(anonymous_3)
FNDA:0,(anonymous_4)
FNDA:0,(anonymous_5)
FNDA:0,(anonymous_6)
FNDA:0,(anonymous_7)
FNDA:0,(anonymous_8)
FNDA:0,(anonymous_9)
FNDA:0,(anonymous_10)
FNDA:0,(anonymous_11)
FNDA:0,(anonymous_12)
FNDA:0,(anonymous_13)
FNDA:0,(anonymous_14)
FNDA:0,(anonymous_15)
FNDA:0,(anonymous_16)
FNDA:0,(anonymous_17)
FNDA:0,(anonymous_18)
FNDA:0,(anonymous_19)
FNDA:0,(anonymous_20)
FNDA:0,(anonymous_21)
FNDA:0,(anonymous_22)
DA:5,0
DA:6,0
DA:7,0
DA:61,0
DA:65,0
DA:72,0
DA:73,0
DA:75,0
DA:81,0
DA:83,0
DA:84,0
DA:92,0
DA:93,0
DA:94,0
DA:97,0
DA:102,0
DA:104,0
DA:118,0
DA:120,0
DA:122,0
DA:133,0
DA:144,0
DA:145,0
DA:146,0
DA:149,0
DA:150,0
DA:158,0
DA:164,0
DA:165,0
DA:166,0
DA:169,0
DA:170,0
DA:174,0
DA:175,0
DA:176,0
DA:181,0
DA:187,0
DA:188,0
DA:191,0
DA:192,0
DA:193,0
DA:194,0
DA:195,0
DA:198,0
DA:202,0
DA:206,0
DA:214,0
DA:218,0
DA:222,0
DA:226,0
DA:230,0
DA:235,0
DA:239,0
DA:240,0
DA:241,0
DA:246,0
DA:255,0
DA:263,0
DA:267,0
DA:279,0
DA:297,0
DA:307,0
DA:316,0
DA:317,0
DA:318,0
DA:319,0
DA:320,0
DA:321,0
DA:324,0
LF:69
LH:0
BRDA:72,0,0,0
BRDA:72,1,0,0
BRDA:72,1,1,0
BRDA:92,2,0,0
BRDA:93,3,0,0
BRDA:102,4,0,0
BRDA:102,4,1,0
BRDA:110,5,0,0
BRDA:112,6,0,0
BRDA:113,7,0,0
BRDA:115,8,0,0
BRDA:116,9,0,0
BRDA:117,10,0,0
BRDA:120,11,0,0
BRDA:120,11,1,0
BRDA:145,12,0,0
BRDA:165,13,0,0
BRDA:174,14,0,0
BRDA:175,15,0,0
BRDA:225,16,0,0
BRDA:257,17,0,0
BRDA:257,17,1,0
BRDA:258,18,0,0
BRDA:258,18,1,0
BRDA:266,19,0,0
BRDA:273,20,0,0
BRDA:273,20,1,0
BRDA:318,21,0,0
BRDA:318,21,1,0
BRDA:319,22,0,0
BRDA:319,22,1,0
BRDA:320,23,0,0
BRDA:320,23,1,0
BRDA:321,24,0,0
BRDA:321,24,1,0
BRF:35
BRH:0
end_of_record
TN:
SF:src/database/repositories/state-snapshot-repository.ts
FN:61,(anonymous_0)
FN:71,(anonymous_1)
FN:82,(anonymous_2)
FN:100,(anonymous_3)
FN:106,(anonymous_4)
FN:136,(anonymous_5)
FN:153,(anonymous_6)
FN:169,(anonymous_7)
FN:189,(anonymous_8)
FN:198,(anonymous_9)
FN:206,(anonymous_10)
FN:210,(anonymous_11)
FN:219,(anonymous_12)
FN:235,(anonymous_13)
FN:245,(anonymous_14)
FN:252,(anonymous_15)
FN:259,(anonymous_16)
FN:271,(anonymous_17)
FN:281,(anonymous_18)
FN:296,(anonymous_19)
FN:325,(anonymous_20)
FN:330,(anonymous_21)
FN:353,(anonymous_22)
FN:360,(anonymous_23)
FN:374,(anonymous_24)
FN:394,(anonymous_25)
FN:398,(anonymous_26)
FN:404,(anonymous_27)
FN:410,(anonymous_28)
FN:416,(anonymous_29)
FN:420,(anonymous_30)
FN:432,(anonymous_31)
FN:457,(anonymous_32)
FN:467,(anonymous_33)
FN:487,(anonymous_34)
FN:508,(anonymous_35)
FNF:36
FNH:0
FNDA:0,(anonymous_0)
FNDA:0,(anonymous_1)
FNDA:0,(anonymous_2)
FNDA:0,(anonymous_3)
FNDA:0,(anonymous_4)
FNDA:0,(anonymous_5)
FNDA:0,(anonymous_6)
FNDA:0,(anonymous_7)
FNDA:0,(anonymous_8)
FNDA:0,(anonymous_9)
FNDA:0,(anonymous_10)
FNDA:0,(anonymous_11)
FNDA:0,(anonymous_12)
FNDA:0,(anonymous_13)
FNDA:0,(anonymous_14)
FNDA:0,(anonymous_15)
FNDA:0,(anonymous_16)
FNDA:0,(anonymous_17)
FNDA:0,(anonymous_18)
FNDA:0,(anonymous_19)
FNDA:0,(anonymous_20)
FNDA:0,(anonymous_21)
FNDA:0,(anonymous_22)
FNDA:0,(anonymous_23)
FNDA:0,(anonymous_24)
FNDA:0,(anonymous_25)
FNDA:0,(anonymous_26)
FNDA:0,(anonymous_27)
FNDA:0,(anonymous_28)
FNDA:0,(anonymous_29)
FNDA:0,(anonymous_30)
FNDA:0,(anonymous_31)
FNDA:0,(anonymous_32)
FNDA:0,(anonymous_33)
FNDA:0,(anonymous_34)
FNDA:0,(anonymous_35)
DA:5,0
DA:6,0
DA:7,0
DA:58,0
DA:62,0
DA:72,0
DA:73,0
DA:74,0
DA:76,0
DA:83,0
DA:85,0
DA:86,0
DA:93,0
DA:96,0
DA:101,0
DA:113,0
DA:115,0
DA:117,0
DA:127,0
DA:138,0
DA:139,0
DA:140,0
DA:143,0
DA:144,0
DA:149,0
DA:155,0
DA:156,0
DA:157,0
DA:160,0
DA:161,0
DA:165,0
DA:171,0
DA:172,0
DA:175,0
DA:176,0
DA:177,0
DA:178,0
DA:179,0
DA:182,0
DA:186,0
DA:190,0
DA:195,0
DA:199,0
DA:203,0
DA:207,0
DA:211,0
DA:216,0
DA:220,0
DA:221,0
DA:222,0
DA:227,0
DA:236,0
DA:246,0
DA:253,0
DA:260,0
DA:272,0
DA:287,0
DA:301,0
DA:303,0
DA:304,0
DA:312,0
DA:313,0
DA:315,0
DA:326,0
DA:328,0
DA:329,0
DA:330,0
DA:332,0
DA:333,0
DA:334,0
DA:337,0
DA:338,0
DA:341,0
DA:342,0
DA:350,0
DA:354,0
DA:356,0
DA:357,0
DA:360,0
DA:361,0
DA:362,0
DA:364,0
DA:381,0
DA:390,0
DA:393,0
DA:394,0
DA:397,0
DA:398,0
DA:399,0
DA:403,0
DA:404,0
DA:405,0
DA:409,0
DA:410,0
DA:411,0
DA:412,0
DA:415,0
DA:417,0
DA:418,0
DA:420,0
DA:423,0
DA:437,0
DA:439,0
DA:443,0
DA:450,0
DA:458,0
DA:460,0
DA:473,0
DA:475,0
DA:476,0
DA:477,0
DA:478,0
DA:481,0
DA:493,0
DA:495,0
DA:506,0
DA:508,0
DA:509,0
DA:510,0
DA:511,0
DA:520,0
LF:121
LH:0
BRDA:93,0,0,0
BRDA:106,1,0,0
BRDA:108,2,0,0
BRDA:109,3,0,0
BRDA:111,4,0,0
BRDA:112,5,0,0
BRDA:115,6,0,0
BRDA:115,6,1,0
BRDA:139,7,0,0
BRDA:156,8,0,0
BRDA:206,9,0,0
BRDA:241,10,0,0
BRDA:241,10,1,0
BRDA:248,11,0,0
BRDA:248,11,1,0
BRDA:255,12,0,0
BRDA:255,12,1,0
BRDA:267,13,0,0
BRDA:267,13,1,0
BRDA:285,14,0,0
BRDA:303,15,0,0
BRDA:319,16,0,0
BRDA:319,16,1,0
BRDA:337,17,0,0
BRDA:341,18,0,0
BRDA:356,19,0,0
BRDA:399,20,0,0
BRDA:399,20,1,0
BRDA:405,21,0,0
BRDA:405,21,1,0
BRDA:412,22,0,0
BRDA:412,22,1,0
BRDA:439,23,0,0
BRDA:439,23,1,0
BRDA:440,24,0,0
BRDA:440,24,1,0
BRDA:457,25,0,0
BRDA:475,26,0,0
BRDA:475,27,0,0
BRDA:475,27,1,0
BRDA:477,28,0,0
BRDA:478,29,0,0
BRDA:487,30,0,0
BRDA:510,31,0,0
BRF:44
BRH:0
end_of_record
TN:
SF:src/database/repositories/storage-repository.ts
FN:49,(anonymous_0)
FN:55,(anonymous_1)
FN:63,(anonymous_2)
FN:71,(anonymous_3)
FN:80,(anonymous_4)
FN:101,(anonymous_5)
FN:107,(anonymous_6)
FN:137,(anonymous_7)
FN:157,(anonymous_8)
FN:173,(anonymous_9)
FN:193,(anonymous_10)
FN:205,(anonymous_11)
FN:213,(anonymous_12)
FN:217,(anonymous_13)
FN:226,(anonymous_14)
FN:242,(anonymous_15)
FN:249,(anonymous_16)
FN:256,(anonymous_17)
FN:263,(anonymous_18)
FN:274,(anonymous_19)
FN:287,(anonymous_20)
FN:296,(anonymous_21)
FN:318,(anonymous_22)
FN:319,(anonymous_23)
FN:322,(anonymous_24)
FN:327,(anonymous_25)
FN:332,(anonymous_26)
FN:342,(anonymous_27)
FN:358,(anonymous_28)
FN:365,(anonymous_29)
FN:377,(anonymous_30)
FN:389,(anonymous_31)
FN:408,(anonymous_32)
FNF:33
FNH:0
FNDA:0,(anonymous_0)
FNDA:0,(anonymous_1)
FNDA:0,(anonymous_2)
FNDA:0,(anonymous_3)
FNDA:0,(anonymous_4)
FNDA:0,(anonymous_5)
FNDA:0,(anonymous_6)
FNDA:0,(anonymous_7)
FNDA:0,(anonymous_8)
FNDA:0,(anonymous_9)
FNDA:0,(anonymous_10)
FNDA:0,(anonymous_11)
FNDA:0,(anonymous_12)
FNDA:0,(anonymous_13)
FNDA:0,(anonymous_14)
FNDA:0,(anonymous_15)
FNDA:0,(anonymous_16)
FNDA:0,(anonymous_17)
FNDA:0,(anonymous_18)
FNDA:0,(anonymous_19)
FNDA:0,(anonymous_20)
FNDA:0,(anonymous_21)
FNDA:0,(anonymous_22)
FNDA:0,(anonymous_23)
FNDA:0,(anonymous_24)
FNDA:0,(anonymous_25)
FNDA:0,(anonymous_26)
FNDA:0,(anonymous_27)
FNDA:0,(anonymous_28)
FNDA:0,(anonymous_29)
FNDA:0,(anonymous_30)
FNDA:0,(anonymous_31)
FNDA:0,(anonymous_32)
DA:5,0
DA:6,0
DA:7,0
DA:46,0
DA:50,0
DA:56,0
DA:57,0
DA:59,0
DA:64,0
DA:65,0
DA:67,0
DA:72,0
DA:73,0
DA:75,0
DA:81,0
DA:83,0
DA:84,0
DA:92,0
DA:93,0
DA:94,0
DA:97,0
DA:102,0
DA:114,0
DA:116,0
DA:118,0
DA:128,0
DA:139,0
DA:140,0
DA:141,0
DA:144,0
DA:145,0
DA:153,0
DA:159,0
DA:160,0
DA:161,0
DA:164,0
DA:165,0
DA:169,0
DA:175,0
DA:176,0
DA:179,0
DA:180,0
DA:181,0
DA:182,0
DA:183,0
DA:186,0
DA:190,0
DA:194,0
DA:202,0
DA:206,0
DA:210,0
DA:214,0
DA:218,0
DA:223,0
DA:227,0
DA:228,0
DA:229,0
DA:234,0
DA:243,0
DA:250,0
DA:257,0
DA:264,0
DA:276,0
DA:287,0
DA:288,0
DA:289,0
DA:290,0
DA:292,0
DA:306,0
DA:317,0
DA:318,0
DA:319,0
DA:321,0
DA:322,0
DA:326,0
DA:327,0
DA:331,0
DA:332,0
DA:336,0
DA:341,0
DA:342,0
DA:343,0
DA:346,0
DA:359,0
DA:366,0
DA:378,0
DA:395,0
DA:408,0
DA:409,0
DA:414,0
DA:415,0
DA:416,0
DA:417,0
DA:419,0
LF:94
LH:0
BRDA:56,0,0,0
BRDA:56,1,0,0
BRDA:56,1,1,0
BRDA:64,2,0,0
BRDA:64,3,0,0
BRDA:64,3,1,0
BRDA:72,4,0,0
BRDA:72,5,0,0
BRDA:72,5,1,0
BRDA:92,6,0,0
BRDA:93,7,0,0
BRDA:107,8,0,0
BRDA:109,9,0,0
BRDA:110,10,0,0
BRDA:112,11,0,0
BRDA:113,12,0,0
BRDA:116,13,0,0
BRDA:116,13,1,0
BRDA:140,14,0,0
BRDA:160,15,0,0
BRDA:213,16,0,0
BRDA:245,17,0,0
BRDA:245,17,1,0
BRDA:252,18,0,0
BRDA:252,18,1,0
BRDA:259,19,0,0
BRDA:259,19,1,0
BRDA:270,20,0,0
BRDA:270,20,1,0
BRDA:274,21,0,0
BRDA:288,22,0,0
BRDA:288,23,0,0
BRDA:288,23,1,0
BRDA:322,24,0,0
BRDA:322,24,1,0
BRDA:327,25,0,0
BRDA:327,25,1,0
BRDA:332,26,0,0
BRDA:332,26,1,0
BRDA:336,27,0,0
BRDA:336,27,1,0
BRDA:343,28,0,0
BRDA:343,28,1,0
BRDA:409,29,0,0
BRDA:409,29,1,0
BRDA:414,30,0,0
BRDA:414,30,1,0
BRDA:415,31,0,0
BRDA:415,31,1,0
BRDA:416,32,0,0
BRDA:416,32,1,0
BRF:51
BRH:0
end_of_record
TN:
SF:src/database/repositories/task-repository.ts
FN:54,(anonymous_0)
FN:63,(anonymous_1)
FN:73,(anonymous_2)
FN:104,(anonymous_3)
FN:113,(anonymous_4)
FN:145,(anonymous_5)
FN:177,(anonymous_6)
FN:193,(anonymous_7)
FN:213,(anonymous_8)
FN:225,(anonymous_9)
FN:233,(anonymous_10)
FN:237,(anonymous_11)
FN:246,(anonymous_12)
FN:262,(anonymous_13)
FN:270,(anonymous_14)
FN:278,(anonymous_15)
FN:286,(anonymous_16)
FN:297,(anonymous_17)
FN:301,(anonymous_18)
FN:311,(anonymous_19)
FN:315,(anonymous_20)
FN:323,(anonymous_21)
FN:332,(anonymous_22)
FN:346,(anonymous_23)
FN:361,(anonymous_24)
FN:381,(anonymous_25)
FN:382,(anonymous_26)
FN:383,(anonymous_27)
FN:386,(anonymous_28)
FN:391,(anonymous_29)
FN:399,(anonymous_30)
FN:405,(anonymous_31)
FN:418,(anonymous_32)
FN:430,(anonymous_33)
FN:453,(anonymous_34)
FNF:35
FNH:0
FNDA:0,(anonymous_0)
FNDA:0,(anonymous_1)
FNDA:0,(anonymous_2)
FNDA:0,(anonymous_3)
FNDA:0,(anonymous_4)
FNDA:0,(anonymous_5)
FNDA:0,(anonymous_6)
FNDA:0,(anonymous_7)
FNDA:0,(anonymous_8)
FNDA:0,(anonymous_9)
FNDA:0,(anonymous_10)
FNDA:0,(anonymous_11)
FNDA:0,(anonymous_12)
FNDA:0,(anonymous_13)
FNDA:0,(anonymous_14)
FNDA:0,(anonymous_15)
FNDA:0,(anonymous_16)
FNDA:0,(anonymous_17)
FNDA:0,(anonymous_18)
FNDA:0,(anonymous_19)
FNDA:0,(anonymous_20)
FNDA:0,(anonymous_21)
FNDA:0,(anonymous_22)
FNDA:0,(anonymous_23)
FNDA:0,(anonymous_24)
FNDA:0,(anonymous_25)
FNDA:0,(anonymous_26)
FNDA:0,(anonymous_27)
FNDA:0,(anonymous_28)
FNDA:0,(anonymous_29)
FNDA:0,(anonymous_30)
FNDA:0,(anonymous_31)
FNDA:0,(anonymous_32)
FNDA:0,(anonymous_33)
FNDA:0,(anonymous_34)
DA:5,0
DA:6,0
DA:7,0
DA:51,0
DA:55,0
DA:65,0
DA:66,0
DA:68,0
DA:74,0
DA:77,0
DA:82,0
DA:83,0
DA:86,0
DA:87,0
DA:95,0
DA:96,0
DA:97,0
DA:100,0
DA:105,0
DA:107,0
DA:121,0
DA:123,0
DA:125,0
DA:136,0
DA:147,0
DA:148,0
DA:149,0
DA:153,0
DA:154,0
DA:159,0
DA:160,0
DA:164,0
DA:165,0
DA:173,0
DA:179,0
DA:180,0
DA:181,0
DA:184,0
DA:185,0
DA:189,0
DA:195,0
DA:196,0
DA:199,0
DA:200,0
DA:201,0
DA:202,0
DA:203,0
DA:206,0
DA:210,0
DA:214,0
DA:222,0
DA:226,0
DA:230,0
DA:234,0
DA:238,0
DA:243,0
DA:247,0
DA:248,0
DA:249,0
DA:254,0
DA:263,0
DA:271,0
DA:279,0
DA:287,0
DA:298,0
DA:302,0
DA:312,0
DA:316,0
DA:324,0
DA:333,0
DA:335,0
DA:347,0
DA:349,0
DA:370,0
DA:380,0
DA:381,0
DA:382,0
DA:383,0
DA:386,0
DA:387,0
DA:390,0
DA:392,0
DA:393,0
DA:398,0
DA:399,0
DA:400,0
DA:404,0
DA:405,0
DA:407,0
DA:419,0
DA:423,0
DA:424,0
DA:425,0
DA:427,0
DA:431,0
DA:432,0
DA:433,0
DA:436,0
DA:437,0
DA:438,0
DA:439,0
DA:442,0
DA:446,0
DA:448,0
DA:454,0
DA:456,0
LF:106
LH:0
BRDA:65,0,0,0
BRDA:82,1,0,0
BRDA:95,2,0,0
BRDA:96,3,0,0
BRDA:105,4,0,0
BRDA:105,4,1,0
BRDA:113,5,0,0
BRDA:115,6,0,0
BRDA:116,7,0,0
BRDA:118,8,0,0
BRDA:119,9,0,0
BRDA:120,10,0,0
BRDA:123,11,0,0
BRDA:123,11,1,0
BRDA:148,12,0,0
BRDA:153,13,0,0
BRDA:153,14,0,0
BRDA:153,14,1,0
BRDA:159,15,0,0
BRDA:180,16,0,0
BRDA:233,17,0,0
BRDA:265,18,0,0
BRDA:265,18,1,0
BRDA:266,19,0,0
BRDA:266,19,1,0
BRDA:273,20,0,0
BRDA:273,20,1,0
BRDA:274,21,0,0
BRDA:274,21,1,0
BRDA:281,22,0,0
BRDA:281,22,1,0
BRDA:282,23,0,0
BRDA:282,23,1,0
BRDA:292,24,0,0
BRDA:292,24,1,0
BRDA:293,25,0,0
BRDA:293,25,1,0
BRDA:306,26,0,0
BRDA:306,26,1,0
BRDA:307,27,0,0
BRDA:307,27,1,0
BRDA:318,28,0,0
BRDA:318,28,1,0
BRDA:319,29,0,0
BRDA:319,29,1,0
BRDA:332,30,0,0
BRDA:341,31,0,0
BRDA:341,31,1,0
BRDA:346,32,0,0
BRDA:387,33,0,0
BRDA:387,33,1,0
BRDA:387,33,2,0
BRDA:390,34,0,0
BRDA:390,34,1,0
BRDA:400,35,0,0
BRDA:400,35,1,0
BRDA:423,36,0,0
BRDA:424,37,0,0
BRDA:425,38,0,0
BRDA:425,39,0,0
BRDA:425,39,1,0
BRDA:432,40,0,0
BRDA:437,41,0,0
BRDA:453,42,0,0
BRF:64
BRH:0
end_of_record
TN:
SF:src/database/repositories/vm-repository.ts
FN:68,(anonymous_0)
FN:75,(anonymous_1)
FN:83,(anonymous_2)
FN:93,(anonymous_3)
FN:124,(anonymous_4)
FN:133,(anonymous_5)
FN:165,(anonymous_6)
FN:197,(anonymous_7)
FN:213,(anonymous_8)
FN:233,(anonymous_9)
FN:245,(anonymous_10)
FN:253,(anonymous_11)
FN:257,(anonymous_12)
FN:266,(anonymous_13)
FN:282,(anonymous_14)
FN:290,(anonymous_15)
FN:298,(anonymous_16)
FN:302,(anonymous_17)
FN:310,(anonymous_18)
FN:323,(anonymous_19)
FN:332,(anonymous_20)
FN:345,(anonymous_21)
FN:365,(anonymous_22)
FN:366,(anonymous_23)
FN:367,(anonymous_24)
FN:370,(anonymous_25)
FN:375,(anonymous_26)
FN:379,(anonymous_27)
FN:384,(anonymous_28)
FN:398,(anonymous_29)
FN:405,(anonymous_30)
FNF:31
FNH:0
FNDA:0,(anonymous_0)
FNDA:0,(anonymous_1)
FNDA:0,(anonymous_2)
FNDA:0,(anonymous_3)
FNDA:0,(anonymous_4)
FNDA:0,(anonymous_5)
FNDA:0,(anonymous_6)
FNDA:0,(anonymous_7)
FNDA:0,(anonymous_8)
FNDA:0,(anonymous_9)
FNDA:0,(anonymous_10)
FNDA:0,(anonymous_11)
FNDA:0,(anonymous_12)
FNDA:0,(anonymous_13)
FNDA:0,(anonymous_14)
FNDA:0,(anonymous_15)
FNDA:0,(anonymous_16)
FNDA:0,(anonymous_17)
FNDA:0,(anonymous_18)
FNDA:0,(anonymous_19)
FNDA:0,(anonymous_20)
FNDA:0,(anonymous_21)
FNDA:0,(anonymous_22)
FNDA:0,(anonymous_23)
FNDA:0,(anonymous_24)
FNDA:0,(anonymous_25)
FNDA:0,(anonymous_26)
FNDA:0,(anonymous_27)
FNDA:0,(anonymous_28)
FNDA:0,(anonymous_29)
FNDA:0,(anonymous_30)
DA:5,0
DA:6,0
DA:7,0
DA:65,0
DA:69,0
DA:76,0
DA:77,0
DA:79,0
DA:84,0
DA:85,0
DA:87,0
DA:94,0
DA:97,0
DA:102,0
DA:103,0
DA:106,0
DA:107,0
DA:115,0
DA:116,0
DA:117,0
DA:120,0
DA:125,0
DA:127,0
DA:141,0
DA:143,0
DA:145,0
DA:156,0
DA:167,0
DA:168,0
DA:169,0
DA:173,0
DA:174,0
DA:179,0
DA:180,0
DA:184,0
DA:185,0
DA:193,0
DA:199,0
DA:200,0
DA:201,0
DA:204,0
DA:205,0
DA:209,0
DA:215,0
DA:216,0
DA:219,0
DA:220,0
DA:221,0
DA:222,0
DA:223,0
DA:226,0
DA:230,0
DA:234,0
DA:242,0
DA:246,0
DA:250,0
DA:254,0
DA:258,0
DA:263,0
DA:267,0
DA:268,0
DA:269,0
DA:274,0
DA:283,0
DA:291,0
DA:299,0
DA:303,0
DA:311,0
DA:324,0
DA:333,0
DA:354,0
DA:364,0
DA:365,0
DA:366,0
DA:367,0
DA:369,0
DA:370,0
DA:374,0
DA:375,0
DA:379,0
DA:380,0
DA:383,0
DA:384,0
DA:387,0
DA:399,0
DA:407,0
LF:86
LH:0
BRDA:76,0,0,0
BRDA:84,1,0,0
BRDA:84,2,0,0
BRDA:84,2,1,0
BRDA:102,3,0,0
BRDA:115,4,0,0
BRDA:116,5,0,0
BRDA:125,6,0,0
BRDA:125,6,1,0
BRDA:133,7,0,0
BRDA:135,8,0,0
BRDA:136,9,0,0
BRDA:138,10,0,0
BRDA:139,11,0,0
BRDA:140,12,0,0
BRDA:143,13,0,0
BRDA:143,13,1,0
BRDA:168,14,0,0
BRDA:173,15,0,0
BRDA:173,16,0,0
BRDA:173,16,1,0
BRDA:179,17,0,0
BRDA:200,18,0,0
BRDA:253,19,0,0
BRDA:285,20,0,0
BRDA:285,20,1,0
BRDA:286,21,0,0
BRDA:286,21,1,0
BRDA:293,22,0,0
BRDA:293,22,1,0
BRDA:294,23,0,0
BRDA:294,23,1,0
BRDA:305,24,0,0
BRDA:305,24,1,0
BRDA:306,25,0,0
BRDA:306,25,1,0
BRDA:310,26,0,0
BRDA:318,27,0,0
BRDA:318,27,1,0
BRDA:340,28,0,0
BRDA:340,28,1,0
BRDA:365,29,0,0
BRDA:365,29,1,0
BRDA:366,30,0,0
BRDA:366,30,1,0
BRDA:370,31,0,0
BRDA:370,31,1,0
BRDA:375,32,0,0
BRDA:375,32,1,0
BRDA:380,33,0,0
BRDA:380,33,1,0
BRDA:380,33,2,0
BRDA:383,34,0,0
BRDA:383,34,1,0
BRDA:384,35,0,0
BRDA:384,35,1,0
BRF:56
BRH:0
end_of_record
TN:
SF:src/generators/ansible.ts
FN:15,(anonymous_9)
FN:22,(anonymous_10)
FN:140,(anonymous_11)
FN:230,(anonymous_12)
FN:290,(anonymous_13)
FN:349,(anonymous_14)
FNF:6
FNH:0
FNDA:0,(anonymous_9)
FNDA:0,(anonymous_10)
FNDA:0,(anonymous_11)
FNDA:0,(anonymous_12)
FNDA:0,(anonymous_13)
FNDA:0,(anonymous_14)
DA:6,0
DA:7,0
DA:8,0
DA:12,0
DA:16,0
DA:23,0
DA:70,0
DA:71,0
DA:72,0
DA:83,0
DA:86,0
DA:87,0
DA:89,0
DA:94,0
DA:95,0
DA:96,0
DA:107,0
DA:110,0
DA:111,0
DA:113,0
DA:118,0
DA:119,0
DA:126,0
DA:142,0
DA:193,0
DA:194,0
DA:196,0
DA:197,0
DA:203,0
DA:214,0
DA:215,0
DA:219,0
DA:220,0
DA:224,0
DA:231,0
DA:273,0
DA:274,0
DA:280,0
DA:291,0
DA:332,0
DA:333,0
DA:339,0
DA:350,0
DA:399,0
DA:400,0
DA:406,0
LF:46
LH:0
BRDA:71,0,0,0
BRDA:71,0,1,0
BRDA:77,1,0,0
BRDA:77,1,1,0
BRDA:78,2,0,0
BRDA:78,2,1,0
BRDA:86,3,0,0
BRDA:86,3,1,0
BRDA:95,4,0,0
BRDA:95,4,1,0
BRDA:101,5,0,0
BRDA:101,5,1,0
BRDA:102,6,0,0
BRDA:102,6,1,0
BRDA:110,7,0,0
BRDA:110,7,1,0
BRDA:214,8,0,0
BRDA:219,9,0,0
BRF:18
BRH:0
end_of_record
TN:
SF:src/observability/logger.ts
FN:19,(anonymous_9)
FN:25,(anonymous_10)
FN:32,(anonymous_11)
FN:48,(anonymous_12)
FN:56,(anonymous_13)
FN:64,(anonymous_14)
FN:71,(anonymous_15)
FN:78,(anonymous_16)
FN:85,(anonymous_17)
FN:101,(anonymous_18)
FN:115,(anonymous_19)
FN:130,(anonymous_20)
FN:140,(anonymous_21)
FN:185,(anonymous_22)
FN:199,(anonymous_23)
FN:226,(anonymous_24)
FN:240,(anonymous_25)
FN:252,(anonymous_26)
FN:262,(anonymous_27)
FN:294,(anonymous_28)
FN:298,(anonymous_29)
FN:302,(anonymous_30)
FN:311,(anonymous_31)
FN:312,(anonymous_32)
FN:318,(anonymous_33)
FN:325,(anonymous_34)
FN:335,(anonymous_35)
FNF:27
FNH:27
FNDA:23,(anonymous_9)
FNDA:24,(anonymous_10)
FNDA:2,(anonymous_11)
FNDA:2,(anonymous_12)
FNDA:1,(anonymous_13)
FNDA:3,(anonymous_14)
FNDA:1232,(anonymous_15)
FNDA:3,(anonymous_16)
FNDA:8,(anonymous_17)
FNDA:1,(anonymous_18)
FNDA:1,(anonymous_19)
FNDA:1,(anonymous_20)
FNDA:1246,(anonymous_21)
FNDA:1246,(anonymous_22)
FNDA:19,(anonymous_23)
FNDA:2,(anonymous_24)
FNDA:23,(anonymous_25)
FNDA:1243,(anonymous_26)
FNDA:4,(anonymous_27)
FNDA:7,(anonymous_28)
FNDA:8,(anonymous_29)
FNDA:3,(anonymous_30)
FNDA:1,(anonymous_31)
FNDA:3,(anonymous_32)
FNDA:1,(anonymous_33)
FNDA:1,(anonymous_34)
FNDA:2,(anonymous_35)
DA:6,1
DA:7,1
DA:8,1
DA:11,1
DA:14,23
DA:20,23
DA:21,23
DA:22,23
DA:26,24
DA:27,23
DA:29,24
DA:33,2
DA:49,2
DA:50,2
DA:57,1
DA:58,1
DA:65,3
DA:72,1232
DA:79,3
DA:86,8
DA:95,8
DA:102,1
DA:116,1
DA:131,1
DA:147,1246
DA:148,3
DA:151,1243
DA:168,1243
DA:169,1243
DA:172,1243
DA:173,19
DA:177,1243
DA:178,2
DA:186,1246
DA:193,1246
DA:200,19
DA:202,11
DA:205,8
DA:206,8
DA:207,8
DA:209,8
DA:210,0
DA:211,0
DA:212,0
DA:213,0
DA:216,8
DA:218,8
DA:227,2
DA:229,2
DA:230,2
DA:231,2
DA:233,0
DA:241,23
DA:243,5
DA:244,5
DA:245,2
DA:253,1243
DA:254,1243
DA:255,200
DA:263,4
DA:264,4
DA:266,4
DA:267,2
DA:269,2
DA:270,1
DA:272,1
DA:273,0
DA:275,1
DA:276,0
DA:278,1
DA:279,0
DA:281,1
DA:282,0
DA:284,1
DA:285,0
DA:288,1
DA:295,7
DA:297,7
DA:298,8
DA:301,7
DA:302,3
DA:305,7
DA:312,3
DA:319,1
DA:326,1
DA:327,1
DA:328,0
DA:336,2
LF:88
LH:77
BRDA:26,0,0,23
BRDA:27,1,0,23
BRDA:27,1,1,1
BRDA:64,2,0,3
BRDA:71,3,0,1225
BRDA:78,4,0,3
BRDA:85,5,0,6
BRDA:85,6,0,6
BRDA:86,7,0,4
BRDA:86,7,1,4
BRDA:89,8,0,4
BRDA:89,8,1,0
BRDA:101,9,0,0
BRDA:115,10,0,0
BRDA:130,11,0,0
BRDA:130,12,0,0
BRDA:147,13,0,3
BRDA:153,14,0,1243
BRDA:153,14,1,1240
BRDA:154,15,0,1243
BRDA:154,15,1,1238
BRDA:154,15,2,1237
BRDA:155,16,0,1243
BRDA:155,16,1,1241
BRDA:172,17,0,19
BRDA:177,18,0,2
BRDA:200,19,0,11
BRDA:200,19,1,8
BRDA:209,20,0,0
BRDA:209,20,1,8
BRDA:212,21,0,0
BRDA:216,22,0,2
BRDA:216,22,1,6
BRDA:217,23,0,2
BRDA:217,23,1,4
BRDA:227,24,0,0
BRDA:241,25,0,18
BRDA:244,26,0,2
BRDA:254,27,0,200
BRDA:264,28,0,4
BRDA:264,28,1,0
BRDA:266,29,0,2
BRDA:266,30,0,4
BRDA:266,30,1,2
BRDA:266,30,2,2
BRDA:269,31,0,1
BRDA:269,32,0,2
BRDA:269,32,1,1
BRDA:272,33,0,0
BRDA:272,34,0,1
BRDA:272,34,1,1
BRDA:275,35,0,0
BRDA:275,36,0,1
BRDA:275,36,1,1
BRDA:278,37,0,0
BRDA:278,38,0,1
BRDA:278,38,1,1
BRDA:281,39,0,0
BRDA:281,40,0,1
BRDA:281,40,1,1
BRDA:284,41,0,0
BRDA:284,42,0,1
BRDA:284,42,1,1
BRDA:294,43,0,0
BRDA:297,44,0,2
BRDA:301,45,0,1
BRDA:327,46,0,0
BRF:67
BRH:51
end_of_record
TN:
SF:src/observability/tracer.ts
FN:16,(anonymous_0)
FN:20,(anonymous_1)
FN:30,(anonymous_2)
FN:65,(anonymous_3)
FN:106,(anonymous_4)
FN:116,(anonymous_5)
FN:126,(anonymous_6)
FN:162,(anonymous_7)
FN:201,(anonymous_8)
FN:208,(anonymous_9)
FN:215,(anonymous_10)
FN:219,(anonymous_11)
FN:222,(anonymous_12)
FN:228,(anonymous_13)
FN:230,(anonymous_14)
FN:236,(anonymous_15)
FN:243,(anonymous_16)
FN:264,(anonymous_17)
FN:266,(anonymous_18)
FN:272,(anonymous_19)
FN:282,(anonymous_20)
FN:289,(anonymous_21)
FN:303,(anonymous_22)
FN:304,(anonymous_23)
FN:305,(anonymous_24)
FN:306,(anonymous_25)
FN:309,(anonymous_26)
FN:309,(anonymous_27)
FN:326,trace
FN:327,(anonymous_29)
FN:330,(anonymous_30)
FNF:31
FNH:27
FNDA:31,(anonymous_0)
FNDA:33,(anonymous_1)
FNDA:639,(anonymous_2)
FNDA:9,(anonymous_3)
FNDA:2,(anonymous_4)
FNDA:5,(anonymous_5)
FNDA:623,(anonymous_6)
FNDA:3,(anonymous_7)
FNDA:3,(anonymous_8)
FNDA:12,(anonymous_9)
FNDA:4,(anonymous_10)
FNDA:7,(anonymous_11)
FNDA:4,(anonymous_12)
FNDA:14,(anonymous_13)
FNDA:0,(anonymous_14)
FNDA:4,(anonymous_15)
FNDA:5,(anonymous_16)
FNDA:1,(anonymous_17)
FNDA:3,(anonymous_18)
FNDA:623,(anonymous_19)
FNDA:1,(anonymous_20)
FNDA:3,(anonymous_21)
FNDA:4,(anonymous_22)
FNDA:4,(anonymous_23)
FNDA:4,(anonymous_24)
FNDA:4,(anonymous_25)
FNDA:4,(anonymous_26)
FNDA:4,(anonymous_27)
FNDA:0,trace
FNDA:0,(anonymous_29)
FNDA:0,(anonymous_30)
DA:6,1
DA:8,1
DA:10,1
DA:12,31
DA:13,31
DA:17,31
DA:21,33
DA:22,31
DA:24,33
DA:31,639
DA:32,639
DA:34,639
DA:47,639
DA:48,639
DA:50,639
DA:59,639
DA:66,9
DA:67,9
DA:68,1
DA:71,8
DA:72,8
DA:87,8
DA:88,8
DA:90,8
DA:100,8
DA:107,2
DA:108,2
DA:109,1
DA:117,5
DA:118,5
DA:119,3
DA:127,623
DA:128,623
DA:129,2
DA:130,2
DA:133,621
DA:134,621
DA:135,621
DA:136,621
DA:138,621
DA:139,621
DA:140,621
DA:142,621
DA:154,621
DA:155,619
DA:163,3
DA:164,3
DA:165,1
DA:166,1
DA:169,2
DA:170,2
DA:171,2
DA:172,2
DA:179,2
DA:180,2
DA:181,2
DA:183,2
DA:193,2
DA:194,1
DA:202,3
DA:209,12
DA:216,4
DA:219,7
DA:222,4
DA:229,14
DA:230,0
DA:237,4
DA:244,5
DA:245,5
DA:246,4
DA:247,4
DA:248,4
DA:249,4
DA:251,4
DA:252,4
DA:254,4
DA:265,1
DA:266,3
DA:273,623
DA:274,623
DA:275,100
DA:283,1
DA:298,3
DA:299,3
DA:300,1
DA:303,4
DA:304,4
DA:305,4
DA:306,4
DA:308,2
DA:309,4
DA:311,2
DA:326,1
DA:327,0
DA:328,0
DA:330,0
DA:331,0
DA:332,0
DA:333,0
DA:338,0
DA:339,0
DA:340,0
DA:341,0
DA:343,0
DA:344,0
DA:348,0
LF:106
LH:92
BRDA:21,0,0,31
BRDA:30,1,0,636
BRDA:65,2,0,8
BRDA:67,3,0,1
BRDA:108,4,0,1
BRDA:118,5,0,3
BRDA:126,6,0,622
BRDA:128,7,0,2
BRDA:154,8,0,619
BRDA:162,9,0,2
BRDA:164,10,0,1
BRDA:193,11,0,1
BRDA:208,12,0,10
BRDA:229,13,0,14
BRDA:229,13,1,1
BRDA:245,14,0,4
BRDA:274,15,0,100
BRDA:299,16,0,1
BRDA:308,17,0,2
BRDA:308,17,1,2
BRDA:309,18,0,2
BRDA:309,18,1,0
BRDA:309,19,0,4
BRDA:309,19,1,1
BRDA:317,20,0,2
BRDA:317,20,1,0
BRDA:318,21,0,1
BRDA:318,21,1,1
BRDA:318,22,0,1
BRDA:318,22,1,0
BRDA:332,23,0,0
BRDA:332,23,1,0
BRF:32
BRH:27
end_of_record
