TN:
SF:src/cli.ts
FNF:0
FNH:0
DA:7,0
LF:1
LH:0
BRF:0
BRH:0
end_of_record
TN:
SF:src/api/config.ts
FN:14,loadProxmoxConfig
FN:23,(anonymous_2)
FN:43,validateConfig
FN:76,sanitizeConfig
FNF:4
FNH:4
FNDA:4,loadProxmoxConfig
FNDA:20,(anonymous_2)
FNDA:4,validateConfig
FNDA:1,sanitizeConfig
DA:6,2
DA:9,2
DA:14,2
DA:15,4
DA:23,20
DA:25,4
DA:26,1
DA:29,3
DA:43,2
DA:44,4
DA:46,4
DA:47,1
DA:50,4
DA:51,2
DA:54,4
DA:55,1
DA:58,4
DA:59,1
DA:62,4
DA:63,0
DA:66,4
DA:67,0
DA:70,4
DA:76,2
DA:77,1
LF:25
LH:23
BRDA:25,0,0,1
BRDA:31,1,0,3
BRDA:31,1,1,2
BRDA:46,2,0,1
BRDA:50,3,0,2
BRDA:50,4,0,4
BRDA:50,4,1,3
BRDA:50,4,2,3
BRDA:54,5,0,1
BRDA:58,6,0,1
BRDA:62,7,0,0
BRDA:66,8,0,0
BRF:12
BRH:10
end_of_record
TN:
SF:src/api/proxmox-client.ts
FN:14,(anonymous_1)
FN:22,(anonymous_2)
FN:51,(anonymous_3)
FN:74,(anonymous_4)
FN:86,(anonymous_5)
FN:98,(anonymous_6)
FN:110,(anonymous_7)
FN:126,(anonymous_8)
FN:178,(anonymous_9)
FN:192,(anonymous_10)
FNF:10
FNH:9
FNDA:12,(anonymous_1)
FNDA:12,(anonymous_2)
FNDA:4,(anonymous_3)
FNDA:7,(anonymous_4)
FNDA:2,(anonymous_5)
FNDA:0,(anonymous_6)
FNDA:5,(anonymous_7)
FNDA:3,(anonymous_8)
FNDA:5,(anonymous_9)
FNDA:1,(anonymous_10)
DA:6,2
DA:7,2
DA:10,2
DA:15,12
DA:16,12
DA:23,12
DA:26,12
DA:30,12
DA:40,12
DA:41,12
DA:45,12
DA:52,4
DA:53,4
DA:54,1
DA:56,1
DA:67,3
DA:75,7
DA:76,7
DA:77,3
DA:79,5
DA:87,2
DA:88,2
DA:89,2
DA:91,0
DA:99,0
DA:100,0
DA:101,0
DA:103,0
DA:111,5
DA:112,1
DA:113,1
DA:116,4
DA:117,0
DA:120,4
DA:127,3
DA:128,0
DA:134,3
DA:135,0
DA:141,3
DA:142,0
DA:148,3
DA:149,0
DA:155,3
DA:156,0
DA:162,3
DA:163,0
DA:169,3
DA:179,5
DA:180,2
DA:181,2
DA:183,2
DA:186,3
DA:193,1
LF:53
LH:41
BRDA:27,0,0,12
BRDA:27,0,1,0
BRDA:40,1,0,12
BRDA:40,2,0,12
BRDA:40,2,1,12
BRDA:111,3,0,1
BRDA:116,4,0,0
BRDA:116,5,0,4
BRDA:116,5,1,4
BRDA:127,6,0,0
BRDA:134,7,0,0
BRDA:141,8,0,0
BRDA:148,9,0,0
BRDA:148,10,0,3
BRDA:148,10,1,3
BRDA:155,11,0,0
BRDA:162,12,0,0
BRDA:171,13,0,3
BRDA:171,13,1,0
BRDA:179,14,0,2
BRDA:181,15,0,2
BRDA:181,15,1,1
BRDA:186,16,0,3
BRDA:186,16,1,0
BRF:24
BRH:14
end_of_record
